INFO:root:==================================
INFO:root:单元信息：5*5的矩阵
ID:(游标)1：相似度100%

INFO:root:单元信息：5*5的矩阵
ID:(游标)2：相似度100%

INFO:root:单元信息：5*5的矩阵
ID:(游标)3：相似度100%

INFO:root:单元信息：5*5的矩阵
ID:(游标)4：相似度100%

INFO:root:单元信息：5*5的矩阵
ID:(游标)5：相似度100%

INFO:root:单元信息：5*5的矩阵
ID:(游标)6：相似度100%

INFO:root:单元信息：5*5的矩阵
ID:(游标)7：相似度100%

INFO:root:单元信息：5*5的矩阵
ID:(游标)8：相似度100%

INFO:root:单元信息：5*5的矩阵
ID:(游标)9：相似度100%

INFO:root:单元信息：5*5的矩阵
ID:(游标)10：相似度100%

INFO:root:单元信息：5*5的矩阵
ID:(游标)11：相似度100%

INFO:root:单元信息：5*5的矩阵
ID:(游标)12：相似度100%

INFO:root:单元信息：5*5的矩阵
ID:(游标)13：相似度100%

INFO:root:单元信息：5*5的矩阵
ID:(游标)14：相似度100%

INFO:root:单元信息：5*5的矩阵
ID:(游标)15：相似度100%

INFO:root:单元信息：5*5的矩阵
ID:(游标)16：相似度100%

INFO:root:单元信息：5*5的矩阵
ID:(游标)17：相似度100%

INFO:root:单元信息：5*5的矩阵
ID:(游标)18：相似度100%

INFO:root:单元信息：5*5的矩阵
ID:(游标)19：相似度100%

INFO:root:单元信息：5*5的矩阵
ID:(游标)20：相似度100%

INFO:root:单元信息：5*5的矩阵
ID:(游标)21：相似度100%

INFO:root:单元信息：5*5的矩阵
ID:(游标)22：相似度100%

INFO:root:单元信息：5*5的矩阵
ID:(游标)23：相似度100%

INFO:root:单元信息：5*5的矩阵
ID:(游标)24：相似度100%

INFO:root:单元信息：5*5的矩阵
ID:(游标)25：相似度100%

INFO:root:单元信息：5*5的矩阵
ID:(游标)26：相似度100%

INFO:root:单元信息：5*5的矩阵
ID:(游标)27：相似度100%

INFO:root:单元信息：5*5的矩阵
ID:(游标)28：相似度99%

INFO:root:单元信息：5*5的矩阵
ID:(游标)29：相似度100%

INFO:root:单元信息：5*5的矩阵
ID:(游标)30：相似度100%

INFO:root:单元信息：5*5的矩阵
ID:(游标)31：相似度100%

INFO:root:单元信息：5*5的矩阵
ID:(游标)32：相似度100%

INFO:root:单元信息：5*5的矩阵
ID:(游标)33：相似度100%

INFO:root:单元信息：5*5的矩阵
ID:(游标)34：相似度100%

INFO:root:单元信息：5*5的矩阵
ID:(游标)35：相似度100%

INFO:root:单元信息：5*5的矩阵
ID:(游标)36：相似度100%

INFO:root:单元信息：5*5的矩阵
ID:(游标)37：相似度100%

INFO:root:单元信息：5*5的矩阵
ID:(游标)38：相似度100%

INFO:root:单元信息：5*5的矩阵
ID:(游标)39：相似度100%

INFO:root:单元信息：5*5的矩阵
ID:(游标)40：相似度100%

INFO:root:单元信息：5*5的矩阵
ID:(游标)41：相似度100%

INFO:root:单元信息：5*5的矩阵
ID:(游标)42：相似度100%

INFO:root:单元信息：5*5的矩阵
ID:(游标)43：相似度100%

INFO:root:单元信息：5*5的矩阵
ID:(游标)44：相似度100%

INFO:root:单元信息：5*5的矩阵
ID:(游标)45：相似度100%

INFO:root:单元信息：5*5的矩阵
ID:(游标)46：相似度100%

INFO:root:单元信息：5*5的矩阵
ID:(游标)47：相似度100%

INFO:root:单元信息：5*5的矩阵
ID:(游标)48：相似度100%

INFO:root:单元信息：5*5的矩阵
ID:(游标)49：相似度100%

INFO:root:单元信息：5*5的矩阵
ID:(游标)50：相似度100%

INFO:root:单元信息：5*5的矩阵
ID:(游标)51：相似度100%

INFO:root:单元信息：5*5的矩阵
ID:(游标)52：相似度100%

INFO:root:单元信息：5*5的矩阵
ID:(游标)53：相似度100%

INFO:root:单元信息：5*5的矩阵
ID:(游标)54：相似度100%

INFO:root:单元信息：5*5的矩阵
ID:(游标)55：相似度100%

INFO:root:单元信息：5*5的矩阵
ID:(游标)56：相似度100%

INFO:root:单元信息：5*5的矩阵
ID:(游标)57：相似度100%

INFO:root:单元信息：5*5的矩阵
ID:(游标)58：相似度100%

INFO:root:单元信息：5*5的矩阵
ID:(游标)59：相似度100%

INFO:root:单元信息：5*5的矩阵
ID:(游标)60：相似度100%

INFO:root:单元信息：5*5的矩阵
ID:(游标)61：相似度100%

INFO:root:单元信息：5*5的矩阵
ID:(游标)62：相似度100%

INFO:root:单元信息：5*5的矩阵
ID:(游标)63：相似度100%

INFO:root:单元信息：5*5的矩阵
ID:(游标)64：相似度100%

INFO:root:单元信息：5*5的矩阵
ID:(游标)65：相似度100%

INFO:root:单元信息：5*5的矩阵
ID:(游标)66：相似度100%

INFO:root:单元信息：5*5的矩阵
ID:(游标)67：相似度100%

INFO:root:单元信息：5*5的矩阵
ID:(游标)68：相似度100%

INFO:root:单元信息：5*5的矩阵
ID:(游标)69：相似度100%

INFO:root:单元信息：5*5的矩阵
ID:(游标)70：相似度100%

INFO:root:单元信息：5*5的矩阵
ID:(游标)71：相似度100%

INFO:root:单元信息：5*5的矩阵
ID:(游标)72：相似度100%

INFO:root:单元信息：5*5的矩阵
ID:(游标)73：相似度100%

INFO:root:单元信息：5*5的矩阵
ID:(游标)74：相似度100%

INFO:root:单元信息：5*5的矩阵
ID:(游标)75：相似度100%

INFO:root:单元信息：5*5的矩阵
ID:(游标)76：相似度100%

INFO:root:单元信息：5*5的矩阵
ID:(游标)77：相似度100%

INFO:root:单元信息：5*5的矩阵
ID:(游标)78：相似度100%

INFO:root:单元信息：5*5的矩阵
ID:(游标)79：相似度100%

INFO:root:单元信息：5*5的矩阵
ID:(游标)80：相似度100%

INFO:root:单元信息：5*5的矩阵
ID:(游标)81：相似度100%

INFO:root:单元信息：5*5的矩阵
ID:(游标)82：相似度100%

INFO:root:单元信息：5*5的矩阵
ID:(游标)83：相似度100%

INFO:root:单元信息：5*5的矩阵
ID:(游标)84：相似度100%

INFO:root:单元信息：5*5的矩阵
ID:(游标)85：相似度100%

INFO:root:单元信息：5*5的矩阵
ID:(游标)86：相似度100%

INFO:root:单元信息：5*5的矩阵
ID:(游标)87：相似度100%

INFO:root:单元信息：5*5的矩阵
ID:(游标)88：相似度100%

INFO:root:单元信息：5*5的矩阵
ID:(游标)89：相似度100%

INFO:root:单元信息：5*5的矩阵
ID:(游标)90：相似度100%

INFO:root:单元信息：5*5的矩阵
ID:(游标)91：相似度100%

INFO:root:单元信息：5*5的矩阵
ID:(游标)92：相似度100%

INFO:root:单元信息：5*5的矩阵
ID:(游标)93：相似度100%

INFO:root:单元信息：5*5的矩阵
ID:(游标)94：相似度100%

INFO:root:单元信息：5*5的矩阵
ID:(游标)95：相似度100%

INFO:root:单元信息：5*5的矩阵
ID:(游标)96：相似度100%

INFO:root:单元信息：5*5的矩阵
ID:(游标)97：相似度100%

INFO:root:单元信息：5*5的矩阵
ID:(游标)98：相似度100%

INFO:root:单元信息：5*5的矩阵
ID:(游标)99：相似度100%

INFO:root:单元信息：5*5的矩阵
ID:(游标)100：相似度100%

INFO:root:单元信息：5*5的矩阵
ID:(游标)101：相似度100%

INFO:root:单元信息：5*5的矩阵
ID:(游标)102：相似度100%

INFO:root:单元信息：5*5的矩阵
ID:(游标)103：相似度100%

INFO:root:单元信息：5*5的矩阵
ID:(游标)104：相似度100%

INFO:root:单元信息：5*5的矩阵
ID:(游标)105：相似度100%

INFO:root:单元信息：5*5的矩阵
ID:(游标)106：相似度100%

INFO:root:单元信息：5*5的矩阵
ID:(游标)107：相似度99%

INFO:root:单元信息：5*5的矩阵
ID:(游标)108：相似度95%

INFO:root:单元信息：5*5的矩阵
ID:(游标)109：相似度91%

INFO:root:单元信息：5*5的矩阵
ID:(游标)110：相似度91%

INFO:root:单元信息：5*5的矩阵
ID:(游标)111：相似度95%

INFO:root:单元信息：5*5的矩阵
ID:(游标)112：相似度99%

INFO:root:单元信息：5*5的矩阵
ID:(游标)113：相似度97%

INFO:root:单元信息：5*5的矩阵
ID:(游标)114：相似度92%

INFO:root:单元信息：5*5的矩阵
ID:(游标)115：相似度91%

INFO:root:单元信息：5*5的矩阵
ID:(游标)116：相似度95%

INFO:root:单元信息：5*5的矩阵
ID:(游标)117：相似度99%

INFO:root:单元信息：5*5的矩阵
ID:(游标)118：相似度100%

INFO:root:单元信息：5*5的矩阵
ID:(游标)119：相似度100%

INFO:root:单元信息：5*5的矩阵
ID:(游标)120：相似度100%

INFO:root:单元信息：5*5的矩阵
ID:(游标)121：相似度100%

INFO:root:单元信息：5*5的矩阵
ID:(游标)122：相似度100%

INFO:root:单元信息：5*5的矩阵
ID:(游标)123：相似度100%

INFO:root:单元信息：5*5的矩阵
ID:(游标)124：相似度100%

INFO:root:单元信息：5*5的矩阵
ID:(游标)125：相似度100%

INFO:root:单元信息：5*5的矩阵
ID:(游标)126：相似度100%

INFO:root:单元信息：5*5的矩阵
ID:(游标)127：相似度100%

INFO:root:单元信息：5*5的矩阵
ID:(游标)128：相似度100%

INFO:root:单元信息：5*5的矩阵
ID:(游标)129：相似度100%

INFO:root:单元信息：5*5的矩阵
ID:(游标)130：相似度100%

INFO:root:单元信息：5*5的矩阵
ID:(游标)131：相似度100%

INFO:root:单元信息：5*5的矩阵
ID:(游标)132：相似度100%

INFO:root:单元信息：5*5的矩阵
ID:(游标)133：相似度100%

INFO:root:单元信息：5*5的矩阵
ID:(游标)134：相似度100%

INFO:root:单元信息：5*5的矩阵
ID:(游标)135：相似度100%

INFO:root:单元信息：5*5的矩阵
ID:(游标)136：相似度100%

INFO:root:单元信息：5*5的矩阵
ID:(游标)137：相似度100%

INFO:root:单元信息：5*5的矩阵
ID:(游标)138：相似度100%

INFO:root:单元信息：5*5的矩阵
ID:(游标)139：相似度100%

INFO:root:单元信息：5*5的矩阵
ID:(游标)140：相似度100%

INFO:root:单元信息：5*5的矩阵
ID:(游标)141：相似度100%

INFO:root:单元信息：5*5的矩阵
ID:(游标)142：相似度100%

INFO:root:单元信息：5*5的矩阵
ID:(游标)143：相似度100%

INFO:root:单元信息：5*5的矩阵
ID:(游标)144：相似度100%

INFO:root:单元信息：5*5的矩阵
ID:(游标)145：相似度100%

INFO:root:单元信息：5*5的矩阵
ID:(游标)146：相似度100%

INFO:root:单元信息：5*5的矩阵
ID:(游标)147：相似度100%

INFO:root:单元信息：5*5的矩阵
ID:(游标)148：相似度100%

INFO:root:单元信息：5*5的矩阵
ID:(游标)149：相似度100%

INFO:root:单元信息：5*5的矩阵
ID:(游标)150：相似度100%

INFO:root:单元信息：5*5的矩阵
ID:(游标)151：相似度100%

INFO:root:单元信息：5*5的矩阵
ID:(游标)152：相似度100%

INFO:root:单元信息：5*5的矩阵
ID:(游标)153：相似度100%

INFO:root:单元信息：5*5的矩阵
ID:(游标)154：相似度100%

INFO:root:单元信息：5*5的矩阵
ID:(游标)155：相似度100%

INFO:root:单元信息：5*5的矩阵
ID:(游标)156：相似度100%

INFO:root:单元信息：5*5的矩阵
ID:(游标)157：相似度100%

INFO:root:单元信息：5*5的矩阵
ID:(游标)158：相似度100%

INFO:root:单元信息：5*5的矩阵
ID:(游标)159：相似度100%

INFO:root:单元信息：5*5的矩阵
ID:(游标)160：相似度90%

INFO:root:单元信息：5*5的矩阵
ID:(游标)161：相似度91%

INFO:root:单元信息：5*5的矩阵
ID:(游标)162：相似度97%

INFO:root:单元信息：5*5的矩阵
ID:(游标)163：相似度95%

INFO:root:单元信息：5*5的矩阵
ID:(游标)164：相似度72%

INFO:root:单元信息：5*5的矩阵
ID:(游标)165：相似度63%

INFO:root:单元信息：5*5的矩阵
ID:(游标)166：相似度65%

INFO:root:单元信息：5*5的矩阵
ID:(游标)167：相似度100%

INFO:root:单元信息：5*5的矩阵
ID:(游标)168：相似度94%

INFO:root:单元信息：5*5的矩阵
ID:(游标)169：相似度79%

INFO:root:单元信息：5*5的矩阵
ID:(游标)170：相似度90%

INFO:root:单元信息：5*5的矩阵
ID:(游标)171：相似度99%

INFO:root:单元信息：5*5的矩阵
ID:(游标)172：相似度100%

INFO:root:单元信息：5*5的矩阵
ID:(游标)173：相似度100%

INFO:root:单元信息：5*5的矩阵
ID:(游标)174：相似度100%

INFO:root:单元信息：5*5的矩阵
ID:(游标)175：相似度100%

INFO:root:单元信息：5*5的矩阵
ID:(游标)176：相似度100%

INFO:root:单元信息：5*5的矩阵
ID:(游标)177：相似度99%

INFO:root:单元信息：5*5的矩阵
ID:(游标)178：相似度100%

INFO:root:单元信息：5*5的矩阵
ID:(游标)179：相似度100%

INFO:root:单元信息：5*5的矩阵
ID:(游标)180：相似度100%

INFO:root:单元信息：5*5的矩阵
ID:(游标)181：相似度100%

INFO:root:单元信息：5*5的矩阵
ID:(游标)182：相似度100%

INFO:root:单元信息：5*5的矩阵
ID:(游标)183：相似度100%

INFO:root:单元信息：5*5的矩阵
ID:(游标)184：相似度100%

INFO:root:单元信息：5*5的矩阵
ID:(游标)185：相似度100%

INFO:root:单元信息：5*5的矩阵
ID:(游标)186：相似度100%

INFO:root:单元信息：5*5的矩阵
ID:(游标)187：相似度100%

INFO:root:单元信息：5*5的矩阵
ID:(游标)188：相似度100%

INFO:root:单元信息：5*5的矩阵
ID:(游标)189：相似度100%

INFO:root:单元信息：5*5的矩阵
ID:(游标)190：相似度100%

INFO:root:单元信息：5*5的矩阵
ID:(游标)191：相似度100%

INFO:root:单元信息：5*5的矩阵
ID:(游标)192：相似度93%

INFO:root:单元信息：5*5的矩阵
ID:(游标)193：相似度60%

INFO:root:单元信息：5*5的矩阵
ID:(游标)194：相似度62%

INFO:root:单元信息：5*5的矩阵
ID:(游标)195：相似度62%

INFO:root:单元信息：5*5的矩阵
ID:(游标)196：相似度99%

INFO:root:单元信息：5*5的矩阵
ID:(游标)197：相似度99%

INFO:root:单元信息：5*5的矩阵
ID:(游标)198：相似度68%

INFO:root:单元信息：5*5的矩阵
ID:(游标)199：相似度62%

INFO:root:单元信息：5*5的矩阵
ID:(游标)200：相似度62%

INFO:root:单元信息：5*5的矩阵
ID:(游标)201：相似度97%

INFO:root:单元信息：5*5的矩阵
ID:(游标)202：相似度100%

INFO:root:单元信息：5*5的矩阵
ID:(游标)203：相似度100%

INFO:root:单元信息：5*5的矩阵
ID:(游标)204：相似度100%

INFO:root:单元信息：5*5的矩阵
ID:(游标)205：相似度100%

INFO:root:单元信息：5*5的矩阵
ID:(游标)206：相似度100%

INFO:root:单元信息：5*5的矩阵
ID:(游标)207：相似度100%

INFO:root:单元信息：5*5的矩阵
ID:(游标)208：相似度100%

INFO:root:单元信息：5*5的矩阵
ID:(游标)209：相似度100%

INFO:root:单元信息：5*5的矩阵
ID:(游标)210：相似度100%

INFO:root:单元信息：5*5的矩阵
ID:(游标)211：相似度100%

INFO:root:单元信息：5*5的矩阵
ID:(游标)212：相似度100%

INFO:root:单元信息：5*5的矩阵
ID:(游标)213：相似度73%

INFO:root:单元信息：5*5的矩阵
ID:(游标)214：相似度92%

INFO:root:单元信息：5*5的矩阵
ID:(游标)215：相似度62%

INFO:root:单元信息：5*5的矩阵
ID:(游标)216：相似度72%

INFO:root:单元信息：5*5的矩阵
ID:(游标)217：相似度93%

INFO:root:单元信息：5*5的矩阵
ID:(游标)218：相似度98%

INFO:root:单元信息：5*5的矩阵
ID:(游标)219：相似度53%

INFO:root:单元信息：5*5的矩阵
ID:(游标)220：相似度82%

INFO:root:单元信息：5*5的矩阵
ID:(游标)221：相似度90%

INFO:root:单元信息：5*5的矩阵
ID:(游标)222：相似度50%

INFO:root:单元信息：5*5的矩阵
ID:(游标)223：相似度80%

INFO:root:单元信息：5*5的矩阵
ID:(游标)224：相似度99%

INFO:root:单元信息：5*5的矩阵
ID:(游标)225：相似度100%

INFO:root:单元信息：5*5的矩阵
ID:(游标)226：相似度100%

INFO:root:单元信息：5*5的矩阵
ID:(游标)227：相似度100%

INFO:root:单元信息：5*5的矩阵
ID:(游标)228：相似度100%

INFO:root:单元信息：5*5的矩阵
ID:(游标)229：相似度100%

INFO:root:单元信息：5*5的矩阵
ID:(游标)230：相似度100%

INFO:root:单元信息：5*5的矩阵
ID:(游标)231：相似度100%

INFO:root:单元信息：5*5的矩阵
ID:(游标)232：相似度100%

INFO:root:单元信息：5*5的矩阵
ID:(游标)233：相似度100%

INFO:root:单元信息：5*5的矩阵
ID:(游标)234：相似度100%

INFO:root:单元信息：5*5的矩阵
ID:(游标)235：相似度100%

INFO:root:单元信息：5*5的矩阵
ID:(游标)236：相似度100%

INFO:root:单元信息：5*5的矩阵
ID:(游标)237：相似度100%

INFO:root:单元信息：5*5的矩阵
ID:(游标)238：相似度100%

INFO:root:单元信息：5*5的矩阵
ID:(游标)239：相似度100%

INFO:root:单元信息：5*5的矩阵
ID:(游标)240：相似度100%

INFO:root:单元信息：5*5的矩阵
ID:(游标)241：相似度100%

INFO:root:单元信息：5*5的矩阵
ID:(游标)242：相似度100%

INFO:root:单元信息：5*5的矩阵
ID:(游标)243：相似度100%

INFO:root:单元信息：5*5的矩阵
ID:(游标)244：相似度100%

INFO:root:单元信息：5*5的矩阵
ID:(游标)245：相似度82%

INFO:root:单元信息：5*5的矩阵
ID:(游标)246：相似度10%

INFO:root:单元信息：5*5的矩阵
ID:(游标)247：相似度28%

INFO:root:单元信息：5*5的矩阵
ID:(游标)248：相似度30%

INFO:root:单元信息：5*5的矩阵
ID:(游标)249：相似度37%

INFO:root:单元信息：5*5的矩阵
ID:(游标)250：相似度37%

INFO:root:单元信息：5*5的矩阵
ID:(游标)251：相似度17%

INFO:root:单元信息：5*5的矩阵
ID:(游标)252：相似度26%

INFO:root:单元信息：5*5的矩阵
ID:(游标)253：相似度29%

INFO:root:单元信息：5*5的矩阵
ID:(游标)254：相似度81%

INFO:root:单元信息：5*5的矩阵
ID:(游标)255：相似度100%

INFO:root:单元信息：5*5的矩阵
ID:(游标)256：相似度100%

INFO:root:单元信息：5*5的矩阵
ID:(游标)257：相似度100%

INFO:root:单元信息：5*5的矩阵
ID:(游标)258：相似度100%

INFO:root:单元信息：5*5的矩阵
ID:(游标)259：相似度100%

INFO:root:单元信息：5*5的矩阵
ID:(游标)260：相似度100%

INFO:root:单元信息：5*5的矩阵
ID:(游标)261：相似度100%

INFO:root:单元信息：5*5的矩阵
ID:(游标)262：相似度100%

INFO:root:单元信息：5*5的矩阵
ID:(游标)263：相似度100%

INFO:root:单元信息：5*5的矩阵
ID:(游标)264：相似度100%

INFO:root:单元信息：5*5的矩阵
ID:(游标)265：相似度100%

INFO:root:单元信息：5*5的矩阵
ID:(游标)266：相似度72%

INFO:root:单元信息：5*5的矩阵
ID:(游标)267：相似度96%

INFO:root:单元信息：5*5的矩阵
ID:(游标)268：相似度92%

INFO:root:单元信息：5*5的矩阵
ID:(游标)269：相似度43%

INFO:root:单元信息：5*5的矩阵
ID:(游标)270：相似度24%

INFO:root:单元信息：5*5的矩阵
ID:(游标)271：相似度60%

INFO:root:单元信息：5*5的矩阵
ID:(游标)272：相似度80%

INFO:root:单元信息：5*5的矩阵
ID:(游标)273：相似度81%

INFO:root:单元信息：5*5的矩阵
ID:(游标)274：相似度36%

INFO:root:单元信息：5*5的矩阵
ID:(游标)275：相似度41%

INFO:root:单元信息：5*5的矩阵
ID:(游标)276：相似度81%

INFO:root:单元信息：5*5的矩阵
ID:(游标)277：相似度100%

INFO:root:单元信息：5*5的矩阵
ID:(游标)278：相似度100%

INFO:root:单元信息：5*5的矩阵
ID:(游标)279：相似度100%

INFO:root:单元信息：5*5的矩阵
ID:(游标)280：相似度100%

INFO:root:单元信息：5*5的矩阵
ID:(游标)281：相似度100%

INFO:root:单元信息：5*5的矩阵
ID:(游标)282：相似度100%

INFO:root:单元信息：5*5的矩阵
ID:(游标)283：相似度100%

INFO:root:单元信息：5*5的矩阵
ID:(游标)284：相似度100%

INFO:root:单元信息：5*5的矩阵
ID:(游标)285：相似度100%

INFO:root:单元信息：5*5的矩阵
ID:(游标)286：相似度100%

INFO:root:单元信息：5*5的矩阵
ID:(游标)287：相似度100%

INFO:root:单元信息：5*5的矩阵
ID:(游标)288：相似度100%

INFO:root:单元信息：5*5的矩阵
ID:(游标)289：相似度100%

INFO:root:单元信息：5*5的矩阵
ID:(游标)290：相似度100%

INFO:root:单元信息：5*5的矩阵
ID:(游标)291：相似度100%

INFO:root:单元信息：5*5的矩阵
ID:(游标)292：相似度100%

INFO:root:单元信息：5*5的矩阵
ID:(游标)293：相似度100%

INFO:root:单元信息：5*5的矩阵
ID:(游标)294：相似度100%

INFO:root:单元信息：5*5的矩阵
ID:(游标)295：相似度100%

INFO:root:单元信息：5*5的矩阵
ID:(游标)296：相似度100%

INFO:root:单元信息：5*5的矩阵
ID:(游标)297：相似度100%

INFO:root:单元信息：5*5的矩阵
ID:(游标)298：相似度83%

INFO:root:单元信息：5*5的矩阵
ID:(游标)299：相似度32%

INFO:root:单元信息：5*5的矩阵
ID:(游标)300：相似度58%

INFO:root:单元信息：5*5的矩阵
ID:(游标)301：相似度60%

INFO:root:单元信息：5*5的矩阵
ID:(游标)302：相似度56%

INFO:root:单元信息：5*5的矩阵
ID:(游标)303：相似度49%

INFO:root:单元信息：5*5的矩阵
ID:(游标)304：相似度45%

INFO:root:单元信息：5*5的矩阵
ID:(游标)305：相似度51%

INFO:root:单元信息：5*5的矩阵
ID:(游标)306：相似度39%

INFO:root:单元信息：5*5的矩阵
ID:(游标)307：相似度97%

INFO:root:单元信息：5*5的矩阵
ID:(游标)308：相似度100%

INFO:root:单元信息：5*5的矩阵
ID:(游标)309：相似度100%

INFO:root:单元信息：5*5的矩阵
ID:(游标)310：相似度100%

INFO:root:单元信息：5*5的矩阵
ID:(游标)311：相似度100%

INFO:root:单元信息：5*5的矩阵
ID:(游标)312：相似度100%

INFO:root:单元信息：5*5的矩阵
ID:(游标)313：相似度100%

INFO:root:单元信息：5*5的矩阵
ID:(游标)314：相似度100%

INFO:root:单元信息：5*5的矩阵
ID:(游标)315：相似度100%

INFO:root:单元信息：5*5的矩阵
ID:(游标)316：相似度100%

INFO:root:单元信息：5*5的矩阵
ID:(游标)317：相似度100%

INFO:root:单元信息：5*5的矩阵
ID:(游标)318：相似度100%

INFO:root:单元信息：5*5的矩阵
ID:(游标)319：相似度72%

INFO:root:单元信息：5*5的矩阵
ID:(游标)320：相似度88%

INFO:root:单元信息：5*5的矩阵
ID:(游标)321：相似度33%

INFO:root:单元信息：5*5的矩阵
ID:(游标)322：相似度68%

INFO:root:单元信息：5*5的矩阵
ID:(游标)323：相似度25%

INFO:root:单元信息：5*5的矩阵
ID:(游标)324：相似度55%

INFO:root:单元信息：5*5的矩阵
ID:(游标)325：相似度66%

INFO:root:单元信息：5*5的矩阵
ID:(游标)326：相似度21%

INFO:root:单元信息：5*5的矩阵
ID:(游标)327：相似度41%

INFO:root:单元信息：5*5的矩阵
ID:(游标)328：相似度21%

INFO:root:单元信息：5*5的矩阵
ID:(游标)329：相似度94%

INFO:root:单元信息：5*5的矩阵
ID:(游标)330：相似度99%

INFO:root:单元信息：5*5的矩阵
ID:(游标)331：相似度100%

INFO:root:单元信息：5*5的矩阵
ID:(游标)332：相似度100%

INFO:root:单元信息：5*5的矩阵
ID:(游标)333：相似度100%

INFO:root:单元信息：5*5的矩阵
ID:(游标)334：相似度100%

INFO:root:单元信息：5*5的矩阵
ID:(游标)335：相似度100%

INFO:root:单元信息：5*5的矩阵
ID:(游标)336：相似度100%

INFO:root:单元信息：5*5的矩阵
ID:(游标)337：相似度100%

INFO:root:单元信息：5*5的矩阵
ID:(游标)338：相似度100%

INFO:root:单元信息：5*5的矩阵
ID:(游标)339：相似度100%

INFO:root:单元信息：5*5的矩阵
ID:(游标)340：相似度100%

INFO:root:单元信息：5*5的矩阵
ID:(游标)341：相似度100%

INFO:root:单元信息：5*5的矩阵
ID:(游标)342：相似度100%

INFO:root:单元信息：5*5的矩阵
ID:(游标)343：相似度100%

INFO:root:单元信息：5*5的矩阵
ID:(游标)344：相似度100%

INFO:root:单元信息：5*5的矩阵
ID:(游标)345：相似度100%

INFO:root:单元信息：5*5的矩阵
ID:(游标)346：相似度100%

INFO:root:单元信息：5*5的矩阵
ID:(游标)347：相似度100%

INFO:root:单元信息：5*5的矩阵
ID:(游标)348：相似度99%

INFO:root:单元信息：5*5的矩阵
ID:(游标)349：相似度100%

INFO:root:单元信息：5*5的矩阵
ID:(游标)350：相似度100%

INFO:root:单元信息：5*5的矩阵
ID:(游标)351：相似度90%

INFO:root:单元信息：5*5的矩阵
ID:(游标)352：相似度61%

INFO:root:单元信息：5*5的矩阵
ID:(游标)353：相似度70%

INFO:root:单元信息：5*5的矩阵
ID:(游标)354：相似度70%

INFO:root:单元信息：5*5的矩阵
ID:(游标)355：相似度72%

INFO:root:单元信息：5*5的矩阵
ID:(游标)356：相似度72%

INFO:root:单元信息：5*5的矩阵
ID:(游标)357：相似度76%

INFO:root:单元信息：5*5的矩阵
ID:(游标)358：相似度69%

INFO:root:单元信息：5*5的矩阵
ID:(游标)359：相似度86%

INFO:root:单元信息：5*5的矩阵
ID:(游标)360：相似度99%

INFO:root:单元信息：5*5的矩阵
ID:(游标)361：相似度99%

INFO:root:单元信息：5*5的矩阵
ID:(游标)362：相似度100%

INFO:root:单元信息：5*5的矩阵
ID:(游标)363：相似度100%

INFO:root:单元信息：5*5的矩阵
ID:(游标)364：相似度100%

INFO:root:单元信息：5*5的矩阵
ID:(游标)365：相似度100%

INFO:root:单元信息：5*5的矩阵
ID:(游标)366：相似度100%

INFO:root:单元信息：5*5的矩阵
ID:(游标)367：相似度100%

INFO:root:单元信息：5*5的矩阵
ID:(游标)368：相似度100%

INFO:root:单元信息：5*5的矩阵
ID:(游标)369：相似度100%

INFO:root:单元信息：5*5的矩阵
ID:(游标)370：相似度100%

INFO:root:单元信息：5*5的矩阵
ID:(游标)371：相似度100%

INFO:root:单元信息：5*5的矩阵
ID:(游标)372：相似度72%

INFO:root:单元信息：5*5的矩阵
ID:(游标)373：相似度88%

INFO:root:单元信息：5*5的矩阵
ID:(游标)374：相似度46%

INFO:root:单元信息：5*5的矩阵
ID:(游标)375：相似度20%

INFO:root:单元信息：5*5的矩阵
ID:(游标)376：相似度9%

INFO:root:单元信息：5*5的矩阵
ID:(游标)377：相似度27%

INFO:root:单元信息：5*5的矩阵
ID:(游标)378：相似度47%

INFO:root:单元信息：5*5的矩阵
ID:(游标)379：相似度63%

INFO:root:单元信息：5*5的矩阵
ID:(游标)380：相似度78%

INFO:root:单元信息：5*5的矩阵
ID:(游标)381：相似度45%

INFO:root:单元信息：5*5的矩阵
ID:(游标)382：相似度93%

INFO:root:单元信息：5*5的矩阵
ID:(游标)383：相似度100%

INFO:root:单元信息：5*5的矩阵
ID:(游标)384：相似度100%

INFO:root:单元信息：5*5的矩阵
ID:(游标)385：相似度100%

INFO:root:单元信息：5*5的矩阵
ID:(游标)386：相似度100%

INFO:root:单元信息：5*5的矩阵
ID:(游标)387：相似度100%

INFO:root:单元信息：5*5的矩阵
ID:(游标)388：相似度100%

INFO:root:单元信息：5*5的矩阵
ID:(游标)389：相似度100%

INFO:root:单元信息：5*5的矩阵
ID:(游标)390：相似度100%

INFO:root:单元信息：5*5的矩阵
ID:(游标)391：相似度100%

INFO:root:单元信息：5*5的矩阵
ID:(游标)392：相似度100%

INFO:root:单元信息：5*5的矩阵
ID:(游标)393：相似度100%

INFO:root:单元信息：5*5的矩阵
ID:(游标)394：相似度100%

INFO:root:单元信息：5*5的矩阵
ID:(游标)395：相似度100%

INFO:root:单元信息：5*5的矩阵
ID:(游标)396：相似度100%

INFO:root:单元信息：5*5的矩阵
ID:(游标)397：相似度100%

INFO:root:单元信息：5*5的矩阵
ID:(游标)398：相似度99%

INFO:root:单元信息：5*5的矩阵
ID:(游标)399：相似度100%

INFO:root:单元信息：5*5的矩阵
ID:(游标)400：相似度99%

INFO:root:单元信息：5*5的矩阵
ID:(游标)401：相似度100%

INFO:root:单元信息：5*5的矩阵
ID:(游标)402：相似度100%

INFO:root:单元信息：5*5的矩阵
ID:(游标)403：相似度100%

INFO:root:单元信息：5*5的矩阵
ID:(游标)404：相似度88%

INFO:root:单元信息：5*5的矩阵
ID:(游标)405：相似度56%

INFO:root:单元信息：5*5的矩阵
ID:(游标)406：相似度69%

INFO:root:单元信息：5*5的矩阵
ID:(游标)407：相似度69%

INFO:root:单元信息：5*5的矩阵
ID:(游标)408：相似度70%

INFO:root:单元信息：5*5的矩阵
ID:(游标)409：相似度70%

INFO:root:单元信息：5*5的矩阵
ID:(游标)410：相似度69%

INFO:root:单元信息：5*5的矩阵
ID:(游标)411：相似度71%

INFO:root:单元信息：5*5的矩阵
ID:(游标)412：相似度98%

INFO:root:单元信息：5*5的矩阵
ID:(游标)413：相似度100%

INFO:root:单元信息：5*5的矩阵
ID:(游标)414：相似度100%

INFO:root:单元信息：5*5的矩阵
ID:(游标)415：相似度99%

INFO:root:单元信息：5*5的矩阵
ID:(游标)416：相似度100%

INFO:root:单元信息：5*5的矩阵
ID:(游标)417：相似度100%

INFO:root:单元信息：5*5的矩阵
ID:(游标)418：相似度100%

INFO:root:单元信息：5*5的矩阵
ID:(游标)419：相似度100%

INFO:root:单元信息：5*5的矩阵
ID:(游标)420：相似度100%

INFO:root:单元信息：5*5的矩阵
ID:(游标)421：相似度100%

INFO:root:单元信息：5*5的矩阵
ID:(游标)422：相似度100%

INFO:root:单元信息：5*5的矩阵
ID:(游标)423：相似度100%

INFO:root:单元信息：5*5的矩阵
ID:(游标)424：相似度100%

INFO:root:单元信息：5*5的矩阵
ID:(游标)425：相似度73%

INFO:root:单元信息：5*5的矩阵
ID:(游标)426：相似度86%

INFO:root:单元信息：5*5的矩阵
ID:(游标)427：相似度61%

INFO:root:单元信息：5*5的矩阵
ID:(游标)428：相似度63%

INFO:root:单元信息：5*5的矩阵
ID:(游标)429：相似度72%

INFO:root:单元信息：5*5的矩阵
ID:(游标)430：相似度73%

INFO:root:单元信息：5*5的矩阵
ID:(游标)431：相似度71%

INFO:root:单元信息：5*5的矩阵
ID:(游标)432：相似度59%

INFO:root:单元信息：5*5的矩阵
ID:(游标)433：相似度58%

INFO:root:单元信息：5*5的矩阵
ID:(游标)434：相似度88%

INFO:root:单元信息：5*5的矩阵
ID:(游标)435：相似度87%

INFO:root:单元信息：5*5的矩阵
ID:(游标)436：相似度100%

INFO:root:单元信息：5*5的矩阵
ID:(游标)437：相似度100%

INFO:root:单元信息：5*5的矩阵
ID:(游标)438：相似度100%

INFO:root:单元信息：5*5的矩阵
ID:(游标)439：相似度100%

INFO:root:单元信息：5*5的矩阵
ID:(游标)440：相似度100%

INFO:root:单元信息：5*5的矩阵
ID:(游标)441：相似度100%

INFO:root:单元信息：5*5的矩阵
ID:(游标)442：相似度99%

INFO:root:单元信息：5*5的矩阵
ID:(游标)443：相似度100%

INFO:root:单元信息：5*5的矩阵
ID:(游标)444：相似度100%

INFO:root:单元信息：5*5的矩阵
ID:(游标)445：相似度100%

INFO:root:单元信息：5*5的矩阵
ID:(游标)446：相似度100%

INFO:root:单元信息：5*5的矩阵
ID:(游标)447：相似度100%

INFO:root:单元信息：5*5的矩阵
ID:(游标)448：相似度100%

INFO:root:单元信息：5*5的矩阵
ID:(游标)449：相似度100%

INFO:root:单元信息：5*5的矩阵
ID:(游标)450：相似度100%

INFO:root:单元信息：5*5的矩阵
ID:(游标)451：相似度100%

INFO:root:单元信息：5*5的矩阵
ID:(游标)452：相似度99%

INFO:root:单元信息：5*5的矩阵
ID:(游标)453：相似度100%

INFO:root:单元信息：5*5的矩阵
ID:(游标)454：相似度100%

INFO:root:单元信息：5*5的矩阵
ID:(游标)455：相似度100%

INFO:root:单元信息：5*5的矩阵
ID:(游标)456：相似度100%

INFO:root:单元信息：5*5的矩阵
ID:(游标)457：相似度88%

INFO:root:单元信息：5*5的矩阵
ID:(游标)458：相似度56%

INFO:root:单元信息：5*5的矩阵
ID:(游标)459：相似度69%

INFO:root:单元信息：5*5的矩阵
ID:(游标)460：相似度70%

INFO:root:单元信息：5*5的矩阵
ID:(游标)461：相似度69%

INFO:root:单元信息：5*5的矩阵
ID:(游标)462：相似度70%

INFO:root:单元信息：5*5的矩阵
ID:(游标)463：相似度70%

INFO:root:单元信息：5*5的矩阵
ID:(游标)464：相似度68%

INFO:root:单元信息：5*5的矩阵
ID:(游标)465：相似度62%

INFO:root:单元信息：5*5的矩阵
ID:(游标)466：相似度84%

INFO:root:单元信息：5*5的矩阵
ID:(游标)467：相似度100%

INFO:root:单元信息：5*5的矩阵
ID:(游标)468：相似度100%

INFO:root:单元信息：5*5的矩阵
ID:(游标)469：相似度100%

INFO:root:单元信息：5*5的矩阵
ID:(游标)470：相似度100%

INFO:root:单元信息：5*5的矩阵
ID:(游标)471：相似度100%

INFO:root:单元信息：5*5的矩阵
ID:(游标)472：相似度100%

INFO:root:单元信息：5*5的矩阵
ID:(游标)473：相似度100%

INFO:root:单元信息：5*5的矩阵
ID:(游标)474：相似度100%

INFO:root:单元信息：5*5的矩阵
ID:(游标)475：相似度100%

INFO:root:单元信息：5*5的矩阵
ID:(游标)476：相似度100%

INFO:root:单元信息：5*5的矩阵
ID:(游标)477：相似度100%

INFO:root:单元信息：5*5的矩阵
ID:(游标)478：相似度72%

INFO:root:单元信息：5*5的矩阵
ID:(游标)479：相似度85%

INFO:root:单元信息：5*5的矩阵
ID:(游标)480：相似度51%

INFO:root:单元信息：5*5的矩阵
ID:(游标)481：相似度20%

INFO:root:单元信息：5*5的矩阵
ID:(游标)482：相似度16%

INFO:root:单元信息：5*5的矩阵
ID:(游标)483：相似度37%

INFO:root:单元信息：5*5的矩阵
ID:(游标)484：相似度67%

INFO:root:单元信息：5*5的矩阵
ID:(游标)485：相似度56%

INFO:root:单元信息：5*5的矩阵
ID:(游标)486：相似度30%

INFO:root:单元信息：5*5的矩阵
ID:(游标)487：相似度53%

INFO:root:单元信息：5*5的矩阵
ID:(游标)488：相似度79%

INFO:root:单元信息：5*5的矩阵
ID:(游标)489：相似度100%

INFO:root:单元信息：5*5的矩阵
ID:(游标)490：相似度100%

INFO:root:单元信息：5*5的矩阵
ID:(游标)491：相似度100%

INFO:root:单元信息：5*5的矩阵
ID:(游标)492：相似度100%

INFO:root:单元信息：5*5的矩阵
ID:(游标)493：相似度100%

INFO:root:单元信息：5*5的矩阵
ID:(游标)494：相似度100%

INFO:root:单元信息：5*5的矩阵
ID:(游标)495：相似度100%

INFO:root:单元信息：5*5的矩阵
ID:(游标)496：相似度100%

INFO:root:单元信息：5*5的矩阵
ID:(游标)497：相似度100%

INFO:root:单元信息：5*5的矩阵
ID:(游标)498：相似度100%

INFO:root:单元信息：5*5的矩阵
ID:(游标)499：相似度100%

INFO:root:单元信息：5*5的矩阵
ID:(游标)500：相似度100%

INFO:root:单元信息：5*5的矩阵
ID:(游标)501：相似度100%

INFO:root:单元信息：5*5的矩阵
ID:(游标)502：相似度100%

INFO:root:单元信息：5*5的矩阵
ID:(游标)503：相似度100%

INFO:root:单元信息：5*5的矩阵
ID:(游标)504：相似度100%

INFO:root:单元信息：5*5的矩阵
ID:(游标)505：相似度100%

INFO:root:单元信息：5*5的矩阵
ID:(游标)506：相似度100%

INFO:root:单元信息：5*5的矩阵
ID:(游标)507：相似度100%

INFO:root:单元信息：5*5的矩阵
ID:(游标)508：相似度100%

INFO:root:单元信息：5*5的矩阵
ID:(游标)509：相似度100%

INFO:root:单元信息：5*5的矩阵
ID:(游标)510：相似度87%

INFO:root:单元信息：5*5的矩阵
ID:(游标)511：相似度55%

INFO:root:单元信息：5*5的矩阵
ID:(游标)512：相似度68%

INFO:root:单元信息：5*5的矩阵
ID:(游标)513：相似度69%

INFO:root:单元信息：5*5的矩阵
ID:(游标)514：相似度69%

INFO:root:单元信息：5*5的矩阵
ID:(游标)515：相似度69%

INFO:root:单元信息：5*5的矩阵
ID:(游标)516：相似度69%

INFO:root:单元信息：5*5的矩阵
ID:(游标)517：相似度67%

INFO:root:单元信息：5*5的矩阵
ID:(游标)518：相似度63%

INFO:root:单元信息：5*5的矩阵
ID:(游标)519：相似度79%

INFO:root:单元信息：5*5的矩阵
ID:(游标)520：相似度100%

INFO:root:单元信息：5*5的矩阵
ID:(游标)521：相似度99%

INFO:root:单元信息：5*5的矩阵
ID:(游标)522：相似度100%

INFO:root:单元信息：5*5的矩阵
ID:(游标)523：相似度100%

INFO:root:单元信息：5*5的矩阵
ID:(游标)524：相似度100%

INFO:root:单元信息：5*5的矩阵
ID:(游标)525：相似度100%

INFO:root:单元信息：5*5的矩阵
ID:(游标)526：相似度100%

INFO:root:单元信息：5*5的矩阵
ID:(游标)527：相似度100%

INFO:root:单元信息：5*5的矩阵
ID:(游标)528：相似度100%

INFO:root:单元信息：5*5的矩阵
ID:(游标)529：相似度100%

INFO:root:单元信息：5*5的矩阵
ID:(游标)530：相似度100%

INFO:root:单元信息：5*5的矩阵
ID:(游标)531：相似度74%

INFO:root:单元信息：5*5的矩阵
ID:(游标)532：相似度80%

INFO:root:单元信息：5*5的矩阵
ID:(游标)533：相似度36%

INFO:root:单元信息：5*5的矩阵
ID:(游标)534：相似度14%

INFO:root:单元信息：5*5的矩阵
ID:(游标)535：相似度-4%

INFO:root:单元信息：5*5的矩阵
ID:(游标)536：相似度10%

INFO:root:单元信息：5*5的矩阵
ID:(游标)537：相似度61%

INFO:root:单元信息：5*5的矩阵
ID:(游标)538：相似度98%

INFO:root:单元信息：5*5的矩阵
ID:(游标)539：相似度32%

INFO:root:单元信息：5*5的矩阵
ID:(游标)540：相似度10%

INFO:root:单元信息：5*5的矩阵
ID:(游标)541：相似度76%

INFO:root:单元信息：5*5的矩阵
ID:(游标)542：相似度100%

INFO:root:单元信息：5*5的矩阵
ID:(游标)543：相似度100%

INFO:root:单元信息：5*5的矩阵
ID:(游标)544：相似度100%

INFO:root:单元信息：5*5的矩阵
ID:(游标)545：相似度100%

INFO:root:单元信息：5*5的矩阵
ID:(游标)546：相似度100%

INFO:root:单元信息：5*5的矩阵
ID:(游标)547：相似度100%

INFO:root:单元信息：5*5的矩阵
ID:(游标)548：相似度100%

INFO:root:单元信息：5*5的矩阵
ID:(游标)549：相似度100%

INFO:root:单元信息：5*5的矩阵
ID:(游标)550：相似度100%

INFO:root:单元信息：5*5的矩阵
ID:(游标)551：相似度100%

INFO:root:单元信息：5*5的矩阵
ID:(游标)552：相似度100%

INFO:root:单元信息：5*5的矩阵
ID:(游标)553：相似度100%

INFO:root:单元信息：5*5的矩阵
ID:(游标)554：相似度100%

INFO:root:单元信息：5*5的矩阵
ID:(游标)555：相似度100%

INFO:root:单元信息：5*5的矩阵
ID:(游标)556：相似度100%

INFO:root:单元信息：5*5的矩阵
ID:(游标)557：相似度100%

INFO:root:单元信息：5*5的矩阵
ID:(游标)558：相似度100%

INFO:root:单元信息：5*5的矩阵
ID:(游标)559：相似度100%

INFO:root:单元信息：5*5的矩阵
ID:(游标)560：相似度100%

INFO:root:单元信息：5*5的矩阵
ID:(游标)561：相似度99%

INFO:root:单元信息：5*5的矩阵
ID:(游标)562：相似度100%

INFO:root:单元信息：5*5的矩阵
ID:(游标)563：相似度87%

INFO:root:单元信息：5*5的矩阵
ID:(游标)564：相似度54%

INFO:root:单元信息：5*5的矩阵
ID:(游标)565：相似度65%

INFO:root:单元信息：5*5的矩阵
ID:(游标)566：相似度66%

INFO:root:单元信息：5*5的矩阵
ID:(游标)567：相似度66%

INFO:root:单元信息：5*5的矩阵
ID:(游标)568：相似度66%

INFO:root:单元信息：5*5的矩阵
ID:(游标)569：相似度57%

INFO:root:单元信息：5*5的矩阵
ID:(游标)570：相似度22%

INFO:root:单元信息：5*5的矩阵
ID:(游标)571：相似度61%

INFO:root:单元信息：5*5的矩阵
ID:(游标)572：相似度79%

INFO:root:单元信息：5*5的矩阵
ID:(游标)573：相似度99%

INFO:root:单元信息：5*5的矩阵
ID:(游标)574：相似度100%

INFO:root:单元信息：5*5的矩阵
ID:(游标)575：相似度99%

INFO:root:单元信息：5*5的矩阵
ID:(游标)576：相似度100%

INFO:root:单元信息：5*5的矩阵
ID:(游标)577：相似度100%

INFO:root:单元信息：5*5的矩阵
ID:(游标)578：相似度100%

INFO:root:单元信息：5*5的矩阵
ID:(游标)579：相似度100%

INFO:root:单元信息：5*5的矩阵
ID:(游标)580：相似度100%

INFO:root:单元信息：5*5的矩阵
ID:(游标)581：相似度100%

INFO:root:单元信息：5*5的矩阵
ID:(游标)582：相似度100%

INFO:root:单元信息：5*5的矩阵
ID:(游标)583：相似度100%

INFO:root:单元信息：5*5的矩阵
ID:(游标)584：相似度92%

INFO:root:单元信息：5*5的矩阵
ID:(游标)585：相似度74%

INFO:root:单元信息：5*5的矩阵
ID:(游标)586：相似度44%

INFO:root:单元信息：5*5的矩阵
ID:(游标)587：相似度37%

INFO:root:单元信息：5*5的矩阵
ID:(游标)588：相似度25%

INFO:root:单元信息：5*5的矩阵
ID:(游标)589：相似度25%

INFO:root:单元信息：5*5的矩阵
ID:(游标)590：相似度52%

INFO:root:单元信息：5*5的矩阵
ID:(游标)591：相似度58%

INFO:root:单元信息：5*5的矩阵
ID:(游标)592：相似度32%

INFO:root:单元信息：5*5的矩阵
ID:(游标)593：相似度52%

INFO:root:单元信息：5*5的矩阵
ID:(游标)594：相似度92%

INFO:root:单元信息：5*5的矩阵
ID:(游标)595：相似度100%

INFO:root:单元信息：5*5的矩阵
ID:(游标)596：相似度100%

INFO:root:单元信息：5*5的矩阵
ID:(游标)597：相似度100%

INFO:root:单元信息：5*5的矩阵
ID:(游标)598：相似度100%

INFO:root:单元信息：5*5的矩阵
ID:(游标)599：相似度100%

INFO:root:单元信息：5*5的矩阵
ID:(游标)600：相似度100%

INFO:root:单元信息：5*5的矩阵
ID:(游标)601：相似度100%

INFO:root:单元信息：5*5的矩阵
ID:(游标)602：相似度100%

INFO:root:单元信息：5*5的矩阵
ID:(游标)603：相似度100%

INFO:root:单元信息：5*5的矩阵
ID:(游标)604：相似度100%

INFO:root:单元信息：5*5的矩阵
ID:(游标)605：相似度100%

INFO:root:单元信息：5*5的矩阵
ID:(游标)606：相似度100%

INFO:root:单元信息：5*5的矩阵
ID:(游标)607：相似度100%

INFO:root:单元信息：5*5的矩阵
ID:(游标)608：相似度100%

INFO:root:单元信息：5*5的矩阵
ID:(游标)609：相似度100%

INFO:root:单元信息：5*5的矩阵
ID:(游标)610：相似度99%

INFO:root:单元信息：5*5的矩阵
ID:(游标)611：相似度99%

INFO:root:单元信息：5*5的矩阵
ID:(游标)612：相似度100%

INFO:root:单元信息：5*5的矩阵
ID:(游标)613：相似度100%

INFO:root:单元信息：5*5的矩阵
ID:(游标)614：相似度100%

INFO:root:单元信息：5*5的矩阵
ID:(游标)615：相似度99%

INFO:root:单元信息：5*5的矩阵
ID:(游标)616：相似度99%

INFO:root:单元信息：5*5的矩阵
ID:(游标)617：相似度89%

INFO:root:单元信息：5*5的矩阵
ID:(游标)618：相似度88%

INFO:root:单元信息：5*5的矩阵
ID:(游标)619：相似度87%

INFO:root:单元信息：5*5的矩阵
ID:(游标)620：相似度87%

INFO:root:单元信息：5*5的矩阵
ID:(游标)621：相似度88%

INFO:root:单元信息：5*5的矩阵
ID:(游标)622：相似度88%

INFO:root:单元信息：5*5的矩阵
ID:(游标)623：相似度98%

INFO:root:单元信息：5*5的矩阵
ID:(游标)624：相似度88%

INFO:root:单元信息：5*5的矩阵
ID:(游标)625：相似度92%

INFO:root:单元信息：5*5的矩阵
ID:(游标)626：相似度100%

INFO:root:单元信息：5*5的矩阵
ID:(游标)627：相似度100%

INFO:root:单元信息：5*5的矩阵
ID:(游标)628：相似度100%

INFO:root:单元信息：5*5的矩阵
ID:(游标)629：相似度100%

INFO:root:单元信息：5*5的矩阵
ID:(游标)630：相似度100%

INFO:root:单元信息：5*5的矩阵
ID:(游标)631：相似度100%

INFO:root:单元信息：5*5的矩阵
ID:(游标)632：相似度100%

INFO:root:单元信息：5*5的矩阵
ID:(游标)633：相似度100%

INFO:root:单元信息：5*5的矩阵
ID:(游标)634：相似度100%

INFO:root:单元信息：5*5的矩阵
ID:(游标)635：相似度100%

INFO:root:单元信息：5*5的矩阵
ID:(游标)636：相似度100%

INFO:root:单元信息：5*5的矩阵
ID:(游标)637：相似度100%

INFO:root:单元信息：5*5的矩阵
ID:(游标)638：相似度98%

INFO:root:单元信息：5*5的矩阵
ID:(游标)639：相似度96%

INFO:root:单元信息：5*5的矩阵
ID:(游标)640：相似度95%

INFO:root:单元信息：5*5的矩阵
ID:(游标)641：相似度95%

INFO:root:单元信息：5*5的矩阵
ID:(游标)642：相似度95%

INFO:root:单元信息：5*5的矩阵
ID:(游标)643：相似度97%

INFO:root:单元信息：5*5的矩阵
ID:(游标)644：相似度97%

INFO:root:单元信息：5*5的矩阵
ID:(游标)645：相似度96%

INFO:root:单元信息：5*5的矩阵
ID:(游标)646：相似度97%

INFO:root:单元信息：5*5的矩阵
ID:(游标)647：相似度100%

INFO:root:单元信息：5*5的矩阵
ID:(游标)648：相似度100%

INFO:root:单元信息：5*5的矩阵
ID:(游标)649：相似度100%

INFO:root:单元信息：5*5的矩阵
ID:(游标)650：相似度100%

INFO:root:单元信息：5*5的矩阵
ID:(游标)651：相似度100%

INFO:root:单元信息：5*5的矩阵
ID:(游标)652：相似度100%

INFO:root:单元信息：5*5的矩阵
ID:(游标)653：相似度100%

INFO:root:单元信息：5*5的矩阵
ID:(游标)654：相似度100%

INFO:root:单元信息：5*5的矩阵
ID:(游标)655：相似度100%

INFO:root:单元信息：5*5的矩阵
ID:(游标)656：相似度100%

INFO:root:单元信息：5*5的矩阵
ID:(游标)657：相似度100%

INFO:root:单元信息：5*5的矩阵
ID:(游标)658：相似度100%

INFO:root:单元信息：5*5的矩阵
ID:(游标)659：相似度100%

INFO:root:单元信息：5*5的矩阵
ID:(游标)660：相似度100%

INFO:root:单元信息：5*5的矩阵
ID:(游标)661：相似度100%

INFO:root:单元信息：5*5的矩阵
ID:(游标)662：相似度100%

INFO:root:单元信息：5*5的矩阵
ID:(游标)663：相似度100%

INFO:root:单元信息：5*5的矩阵
ID:(游标)664：相似度100%

INFO:root:单元信息：5*5的矩阵
ID:(游标)665：相似度100%

INFO:root:单元信息：5*5的矩阵
ID:(游标)666：相似度100%

INFO:root:单元信息：5*5的矩阵
ID:(游标)667：相似度100%

INFO:root:单元信息：5*5的矩阵
ID:(游标)668：相似度100%

INFO:root:单元信息：5*5的矩阵
ID:(游标)669：相似度100%

INFO:root:单元信息：5*5的矩阵
ID:(游标)670：相似度100%

INFO:root:单元信息：5*5的矩阵
ID:(游标)671：相似度100%

INFO:root:单元信息：5*5的矩阵
ID:(游标)672：相似度100%

INFO:root:单元信息：5*5的矩阵
ID:(游标)673：相似度100%

INFO:root:单元信息：5*5的矩阵
ID:(游标)674：相似度100%

INFO:root:单元信息：5*5的矩阵
ID:(游标)675：相似度100%

INFO:root:单元信息：5*5的矩阵
ID:(游标)676：相似度100%

INFO:root:单元信息：5*5的矩阵
ID:(游标)677：相似度100%

INFO:root:单元信息：5*5的矩阵
ID:(游标)678：相似度100%

INFO:root:单元信息：5*5的矩阵
ID:(游标)679：相似度100%

INFO:root:单元信息：5*5的矩阵
ID:(游标)680：相似度100%

INFO:root:单元信息：5*5的矩阵
ID:(游标)681：相似度100%

INFO:root:单元信息：5*5的矩阵
ID:(游标)682：相似度100%

INFO:root:单元信息：5*5的矩阵
ID:(游标)683：相似度100%

INFO:root:单元信息：5*5的矩阵
ID:(游标)684：相似度100%

INFO:root:单元信息：5*5的矩阵
ID:(游标)685：相似度100%

INFO:root:单元信息：5*5的矩阵
ID:(游标)686：相似度100%

INFO:root:单元信息：5*5的矩阵
ID:(游标)687：相似度100%

INFO:root:单元信息：5*5的矩阵
ID:(游标)688：相似度100%

INFO:root:单元信息：5*5的矩阵
ID:(游标)689：相似度100%

INFO:root:单元信息：5*5的矩阵
ID:(游标)690：相似度100%

INFO:root:单元信息：5*5的矩阵
ID:(游标)691：相似度100%

INFO:root:单元信息：5*5的矩阵
ID:(游标)692：相似度100%

INFO:root:单元信息：5*5的矩阵
ID:(游标)693：相似度99%

INFO:root:单元信息：5*5的矩阵
ID:(游标)694：相似度100%

INFO:root:单元信息：5*5的矩阵
ID:(游标)695：相似度100%

INFO:root:单元信息：5*5的矩阵
ID:(游标)696：相似度100%

INFO:root:单元信息：5*5的矩阵
ID:(游标)697：相似度100%

INFO:root:单元信息：5*5的矩阵
ID:(游标)698：相似度100%

INFO:root:单元信息：5*5的矩阵
ID:(游标)699：相似度99%

INFO:root:单元信息：5*5的矩阵
ID:(游标)700：相似度99%

INFO:root:单元信息：5*5的矩阵
ID:(游标)701：相似度100%

INFO:root:单元信息：5*5的矩阵
ID:(游标)702：相似度100%

INFO:root:单元信息：5*5的矩阵
ID:(游标)703：相似度100%

INFO:root:单元信息：5*5的矩阵
ID:(游标)704：相似度100%

INFO:root:单元信息：5*5的矩阵
ID:(游标)705：相似度100%

INFO:root:单元信息：5*5的矩阵
ID:(游标)706：相似度100%

INFO:root:单元信息：5*5的矩阵
ID:(游标)707：相似度100%

INFO:root:单元信息：5*5的矩阵
ID:(游标)708：相似度100%

INFO:root:单元信息：5*5的矩阵
ID:(游标)709：相似度100%

INFO:root:单元信息：5*5的矩阵
ID:(游标)710：相似度100%

INFO:root:单元信息：5*5的矩阵
ID:(游标)711：相似度100%

INFO:root:单元信息：5*5的矩阵
ID:(游标)712：相似度100%

INFO:root:单元信息：5*5的矩阵
ID:(游标)713：相似度100%

INFO:root:单元信息：5*5的矩阵
ID:(游标)714：相似度100%

INFO:root:单元信息：5*5的矩阵
ID:(游标)715：相似度100%

INFO:root:单元信息：5*5的矩阵
ID:(游标)716：相似度100%

INFO:root:单元信息：5*5的矩阵
ID:(游标)717：相似度100%

INFO:root:单元信息：5*5的矩阵
ID:(游标)718：相似度100%

INFO:root:单元信息：5*5的矩阵
ID:(游标)719：相似度100%

INFO:root:单元信息：5*5的矩阵
ID:(游标)720：相似度99%

INFO:root:单元信息：5*5的矩阵
ID:(游标)721：相似度99%

INFO:root:单元信息：5*5的矩阵
ID:(游标)722：相似度100%

INFO:root:单元信息：5*5的矩阵
ID:(游标)723：相似度100%

INFO:root:单元信息：5*5的矩阵
ID:(游标)724：相似度100%

INFO:root:单元信息：5*5的矩阵
ID:(游标)725：相似度99%

INFO:root:单元信息：5*5的矩阵
ID:(游标)726：相似度100%

INFO:root:单元信息：5*5的矩阵
ID:(游标)727：相似度100%

INFO:root:单元信息：5*5的矩阵
ID:(游标)728：相似度100%

INFO:root:单元信息：5*5的矩阵
ID:(游标)729：相似度99%

INFO:root:单元信息：5*5的矩阵
ID:(游标)730：相似度99%

INFO:root:单元信息：5*5的矩阵
ID:(游标)731：相似度100%

INFO:root:单元信息：5*5的矩阵
ID:(游标)732：相似度100%

INFO:root:单元信息：5*5的矩阵
ID:(游标)733：相似度100%

INFO:root:单元信息：5*5的矩阵
ID:(游标)734：相似度100%

INFO:root:单元信息：5*5的矩阵
ID:(游标)735：相似度100%

INFO:root:单元信息：5*5的矩阵
ID:(游标)736：相似度100%

INFO:root:单元信息：5*5的矩阵
ID:(游标)737：相似度100%

INFO:root:单元信息：5*5的矩阵
ID:(游标)738：相似度100%

INFO:root:单元信息：5*5的矩阵
ID:(游标)739：相似度100%

INFO:root:单元信息：5*5的矩阵
ID:(游标)740：相似度100%

INFO:root:单元信息：5*5的矩阵
ID:(游标)741：相似度100%

INFO:root:单元信息：5*5的矩阵
ID:(游标)742：相似度100%

INFO:root:单元信息：5*5的矩阵
ID:(游标)743：相似度100%

INFO:root:单元信息：5*5的矩阵
ID:(游标)744：相似度100%

INFO:root:单元信息：5*5的矩阵
ID:(游标)745：相似度100%

INFO:root:单元信息：5*5的矩阵
ID:(游标)746：相似度100%

INFO:root:单元信息：5*5的矩阵
ID:(游标)747：相似度100%

INFO:root:单元信息：5*5的矩阵
ID:(游标)748：相似度100%

INFO:root:单元信息：5*5的矩阵
ID:(游标)749：相似度100%

INFO:root:单元信息：5*5的矩阵
ID:(游标)750：相似度100%

INFO:root:单元信息：5*5的矩阵
ID:(游标)751：相似度100%

INFO:root:单元信息：5*5的矩阵
ID:(游标)752：相似度100%

INFO:root:单元信息：5*5的矩阵
ID:(游标)753：相似度100%

INFO:root:单元信息：5*5的矩阵
ID:(游标)754：相似度100%

INFO:root:单元信息：5*5的矩阵
ID:(游标)755：相似度100%

INFO:root:单元信息：5*5的矩阵
ID:(游标)756：相似度100%

INFO:root:单元信息：5*5的矩阵
ID:(游标)757：相似度100%

INFO:root:单元信息：5*5的矩阵
ID:(游标)758：相似度100%

INFO:root:单元信息：5*5的矩阵
ID:(游标)759：相似度100%

INFO:root:单元信息：5*5的矩阵
ID:(游标)760：相似度100%

INFO:root:单元信息：5*5的矩阵
ID:(游标)761：相似度100%

INFO:root:单元信息：5*5的矩阵
ID:(游标)762：相似度100%

INFO:root:单元信息：5*5的矩阵
ID:(游标)763：相似度100%

INFO:root:单元信息：5*5的矩阵
ID:(游标)764：相似度100%

INFO:root:单元信息：5*5的矩阵
ID:(游标)765：相似度100%

INFO:root:单元信息：5*5的矩阵
ID:(游标)766：相似度100%

INFO:root:单元信息：5*5的矩阵
ID:(游标)767：相似度100%

INFO:root:单元信息：5*5的矩阵
ID:(游标)768：相似度100%

INFO:root:单元信息：5*5的矩阵
ID:(游标)769：相似度100%

INFO:root:单元信息：5*5的矩阵
ID:(游标)770：相似度100%

INFO:root:单元信息：5*5的矩阵
ID:(游标)771：相似度100%

INFO:root:单元信息：5*5的矩阵
ID:(游标)772：相似度100%

INFO:root:单元信息：5*5的矩阵
ID:(游标)773：相似度100%

INFO:root:单元信息：5*5的矩阵
ID:(游标)774：相似度100%

INFO:root:单元信息：5*5的矩阵
ID:(游标)775：相似度100%

INFO:root:单元信息：5*5的矩阵
ID:(游标)776：相似度100%

INFO:root:单元信息：5*5的矩阵
ID:(游标)777：相似度100%

INFO:root:单元信息：5*5的矩阵
ID:(游标)778：相似度100%

INFO:root:单元信息：5*5的矩阵
ID:(游标)779：相似度100%

INFO:root:单元信息：5*5的矩阵
ID:(游标)780：相似度100%

INFO:root:单元信息：5*5的矩阵
ID:(游标)781：相似度100%

INFO:root:单元信息：5*5的矩阵
ID:(游标)782：相似度100%

INFO:root:单元信息：5*5的矩阵
ID:(游标)783：相似度99%

INFO:root:单元信息：5*5的矩阵
ID:(游标)784：相似度100%

INFO:root:单元信息：5*5的矩阵
ID:(游标)785：相似度100%

INFO:root:单元信息：5*5的矩阵
ID:(游标)786：相似度100%

INFO:root:单元信息：5*5的矩阵
ID:(游标)787：相似度100%

INFO:root:单元信息：5*5的矩阵
ID:(游标)788：相似度100%

INFO:root:单元信息：5*5的矩阵
ID:(游标)789：相似度100%

INFO:root:单元信息：5*5的矩阵
ID:(游标)790：相似度100%

INFO:root:单元信息：5*5的矩阵
ID:(游标)791：相似度100%

INFO:root:单元信息：5*5的矩阵
ID:(游标)792：相似度100%

INFO:root:单元信息：5*5的矩阵
ID:(游标)793：相似度100%

INFO:root:单元信息：5*5的矩阵
ID:(游标)794：相似度100%

INFO:root:单元信息：5*5的矩阵
ID:(游标)795：相似度100%

INFO:root:单元信息：5*5的矩阵
ID:(游标)796：相似度100%

INFO:root:单元信息：5*5的矩阵
ID:(游标)797：相似度100%

INFO:root:单元信息：5*5的矩阵
ID:(游标)798：相似度100%

INFO:root:单元信息：5*5的矩阵
ID:(游标)799：相似度100%

INFO:root:单元信息：5*5的矩阵
ID:(游标)800：相似度100%

INFO:root:单元信息：5*5的矩阵
ID:(游标)801：相似度100%

INFO:root:单元信息：5*5的矩阵
ID:(游标)802：相似度100%

INFO:root:单元信息：5*5的矩阵
ID:(游标)803：相似度100%

INFO:root:单元信息：5*5的矩阵
ID:(游标)804：相似度100%

INFO:root:单元信息：5*5的矩阵
ID:(游标)805：相似度100%

INFO:root:单元信息：5*5的矩阵
ID:(游标)806：相似度100%

INFO:root:单元信息：5*5的矩阵
ID:(游标)807：相似度100%

INFO:root:单元信息：5*5的矩阵
ID:(游标)808：相似度100%

INFO:root:单元信息：5*5的矩阵
ID:(游标)809：相似度100%

INFO:root:单元信息：5*5的矩阵
ID:(游标)810：相似度100%

INFO:root:单元信息：5*5的矩阵
ID:(游标)811：相似度100%

INFO:root:单元信息：5*5的矩阵
ID:(游标)812：相似度100%

INFO:root:单元信息：5*5的矩阵
ID:(游标)813：相似度100%

INFO:root:单元信息：5*5的矩阵
ID:(游标)814：相似度100%

INFO:root:单元信息：5*5的矩阵
ID:(游标)815：相似度100%

INFO:root:单元信息：5*5的矩阵
ID:(游标)816：相似度100%

INFO:root:单元信息：5*5的矩阵
ID:(游标)817：相似度100%

INFO:root:单元信息：5*5的矩阵
ID:(游标)818：相似度100%

INFO:root:单元信息：5*5的矩阵
ID:(游标)819：相似度100%

INFO:root:单元信息：5*5的矩阵
ID:(游标)820：相似度100%

INFO:root:单元信息：5*5的矩阵
ID:(游标)821：相似度100%

INFO:root:单元信息：5*5的矩阵
ID:(游标)822：相似度100%

INFO:root:单元信息：5*5的矩阵
ID:(游标)823：相似度100%

INFO:root:单元信息：5*5的矩阵
ID:(游标)824：相似度100%

INFO:root:单元信息：5*5的矩阵
ID:(游标)825：相似度100%

INFO:root:单元信息：5*5的矩阵
ID:(游标)826：相似度100%

INFO:root:单元信息：5*5的矩阵
ID:(游标)827：相似度99%

INFO:root:单元信息：5*5的矩阵
ID:(游标)828：相似度100%

INFO:root:单元信息：5*5的矩阵
ID:(游标)829：相似度100%

INFO:root:单元信息：5*5的矩阵
ID:(游标)830：相似度100%

INFO:root:单元信息：5*5的矩阵
ID:(游标)831：相似度100%

INFO:root:单元信息：5*5的矩阵
ID:(游标)832：相似度100%

INFO:root:单元信息：5*5的矩阵
ID:(游标)833：相似度100%

INFO:root:单元信息：5*5的矩阵
ID:(游标)834：相似度100%

INFO:root:单元信息：5*5的矩阵
ID:(游标)835：相似度100%

INFO:root:单元信息：5*5的矩阵
ID:(游标)836：相似度100%

INFO:root:单元信息：5*5的矩阵
ID:(游标)837：相似度100%

INFO:root:单元信息：5*5的矩阵
ID:(游标)838：相似度100%

INFO:root:单元信息：5*5的矩阵
ID:(游标)839：相似度100%

INFO:root:单元信息：5*5的矩阵
ID:(游标)840：相似度100%

INFO:root:单元信息：5*5的矩阵
ID:(游标)841：相似度100%

INFO:root:单元信息：5*5的矩阵
ID:(游标)842：相似度100%

INFO:root:单元信息：5*5的矩阵
ID:(游标)843：相似度100%

INFO:root:单元信息：5*5的矩阵
ID:(游标)844：相似度100%

INFO:root:单元信息：5*5的矩阵
ID:(游标)845：相似度100%

INFO:root:单元信息：5*5的矩阵
ID:(游标)846：相似度100%

INFO:root:单元信息：5*5的矩阵
ID:(游标)847：相似度100%

INFO:root:单元信息：5*5的矩阵
ID:(游标)848：相似度100%

INFO:root:单元信息：5*5的矩阵
ID:(游标)849：相似度100%

INFO:root:单元信息：5*5的矩阵
ID:(游标)850：相似度100%

INFO:root:单元信息：5*5的矩阵
ID:(游标)851：相似度100%

INFO:root:单元信息：5*5的矩阵
ID:(游标)852：相似度100%

INFO:root:单元信息：5*5的矩阵
ID:(游标)853：相似度100%

INFO:root:单元信息：5*5的矩阵
ID:(游标)854：相似度100%

INFO:root:单元信息：5*5的矩阵
ID:(游标)855：相似度100%

INFO:root:单元信息：5*5的矩阵
ID:(游标)856：相似度100%

INFO:root:单元信息：5*5的矩阵
ID:(游标)857：相似度100%

INFO:root:单元信息：5*5的矩阵
ID:(游标)858：相似度100%

INFO:root:单元信息：5*5的矩阵
ID:(游标)859：相似度100%

INFO:root:单元信息：5*5的矩阵
ID:(游标)860：相似度100%

INFO:root:单元信息：5*5的矩阵
ID:(游标)861：相似度100%

INFO:root:单元信息：5*5的矩阵
ID:(游标)862：相似度100%

INFO:root:单元信息：5*5的矩阵
ID:(游标)863：相似度100%

INFO:root:单元信息：5*5的矩阵
ID:(游标)864：相似度100%

INFO:root:单元信息：5*5的矩阵
ID:(游标)865：相似度100%

INFO:root:单元信息：5*5的矩阵
ID:(游标)866：相似度100%

INFO:root:单元信息：5*5的矩阵
ID:(游标)867：相似度100%

INFO:root:单元信息：5*5的矩阵
ID:(游标)868：相似度100%

INFO:root:单元信息：5*5的矩阵
ID:(游标)869：相似度100%

INFO:root:单元信息：5*5的矩阵
ID:(游标)870：相似度100%

INFO:root:单元信息：5*5的矩阵
ID:(游标)871：相似度100%

INFO:root:单元信息：5*5的矩阵
ID:(游标)872：相似度100%

INFO:root:单元信息：5*5的矩阵
ID:(游标)873：相似度100%

INFO:root:单元信息：5*5的矩阵
ID:(游标)874：相似度100%

INFO:root:单元信息：5*5的矩阵
ID:(游标)875：相似度100%

INFO:root:单元信息：5*5的矩阵
ID:(游标)876：相似度100%

INFO:root:单元信息：5*5的矩阵
ID:(游标)877：相似度100%

INFO:root:单元信息：5*5的矩阵
ID:(游标)878：相似度100%

INFO:root:单元信息：5*5的矩阵
ID:(游标)879：相似度100%

INFO:root:单元信息：5*5的矩阵
ID:(游标)880：相似度100%

INFO:root:单元信息：5*5的矩阵
ID:(游标)881：相似度100%

INFO:root:单元信息：5*5的矩阵
ID:(游标)882：相似度100%

INFO:root:单元信息：5*5的矩阵
ID:(游标)883：相似度100%

INFO:root:单元信息：5*5的矩阵
ID:(游标)884：相似度100%

INFO:root:单元信息：5*5的矩阵
ID:(游标)885：相似度100%

INFO:root:单元信息：5*5的矩阵
ID:(游标)886：相似度100%

INFO:root:单元信息：5*5的矩阵
ID:(游标)887：相似度100%

INFO:root:单元信息：5*5的矩阵
ID:(游标)888：相似度100%

INFO:root:单元信息：5*5的矩阵
ID:(游标)889：相似度100%

INFO:root:单元信息：5*5的矩阵
ID:(游标)890：相似度100%

INFO:root:单元信息：5*5的矩阵
ID:(游标)891：相似度100%

INFO:root:单元信息：5*5的矩阵
ID:(游标)892：相似度100%

INFO:root:单元信息：5*5的矩阵
ID:(游标)893：相似度100%

INFO:root:单元信息：5*5的矩阵
ID:(游标)894：相似度100%

INFO:root:单元信息：5*5的矩阵
ID:(游标)895：相似度100%

INFO:root:单元信息：5*5的矩阵
ID:(游标)896：相似度100%

INFO:root:单元信息：5*5的矩阵
ID:(游标)897：相似度100%

INFO:root:单元信息：5*5的矩阵
ID:(游标)898：相似度100%

INFO:root:单元信息：5*5的矩阵
ID:(游标)899：相似度100%

INFO:root:单元信息：5*5的矩阵
ID:(游标)900：相似度100%

INFO:root:单元信息：5*5的矩阵
ID:(游标)901：相似度100%

INFO:root:单元信息：5*5的矩阵
ID:(游标)902：相似度100%

INFO:root:单元信息：5*5的矩阵
ID:(游标)903：相似度100%

INFO:root:单元信息：5*5的矩阵
ID:(游标)904：相似度99%

INFO:root:单元信息：5*5的矩阵
ID:(游标)905：相似度100%

INFO:root:单元信息：5*5的矩阵
ID:(游标)906：相似度100%

INFO:root:单元信息：5*5的矩阵
ID:(游标)907：相似度100%

INFO:root:单元信息：5*5的矩阵
ID:(游标)908：相似度100%

INFO:root:单元信息：5*5的矩阵
ID:(游标)909：相似度100%

INFO:root:单元信息：5*5的矩阵
ID:(游标)910：相似度100%

INFO:root:单元信息：5*5的矩阵
ID:(游标)911：相似度100%

INFO:root:单元信息：5*5的矩阵
ID:(游标)912：相似度100%

INFO:root:单元信息：5*5的矩阵
ID:(游标)913：相似度100%

INFO:root:单元信息：5*5的矩阵
ID:(游标)914：相似度100%

INFO:root:单元信息：5*5的矩阵
ID:(游标)915：相似度100%

INFO:root:单元信息：5*5的矩阵
ID:(游标)916：相似度100%

INFO:root:单元信息：5*5的矩阵
ID:(游标)917：相似度100%

INFO:root:单元信息：5*5的矩阵
ID:(游标)918：相似度100%

INFO:root:单元信息：5*5的矩阵
ID:(游标)919：相似度100%

INFO:root:单元信息：5*5的矩阵
ID:(游标)920：相似度100%

INFO:root:单元信息：5*5的矩阵
ID:(游标)921：相似度100%

INFO:root:单元信息：5*5的矩阵
ID:(游标)922：相似度100%

INFO:root:单元信息：5*5的矩阵
ID:(游标)923：相似度100%

INFO:root:单元信息：5*5的矩阵
ID:(游标)924：相似度100%

INFO:root:单元信息：5*5的矩阵
ID:(游标)925：相似度100%

INFO:root:单元信息：5*5的矩阵
ID:(游标)926：相似度100%

INFO:root:单元信息：5*5的矩阵
ID:(游标)927：相似度100%

INFO:root:单元信息：5*5的矩阵
ID:(游标)928：相似度100%

INFO:root:单元信息：5*5的矩阵
ID:(游标)929：相似度100%

INFO:root:单元信息：5*5的矩阵
ID:(游标)930：相似度100%

INFO:root:单元信息：5*5的矩阵
ID:(游标)931：相似度100%

INFO:root:单元信息：5*5的矩阵
ID:(游标)932：相似度100%

INFO:root:单元信息：5*5的矩阵
ID:(游标)933：相似度100%

INFO:root:单元信息：5*5的矩阵
ID:(游标)934：相似度100%

INFO:root:单元信息：5*5的矩阵
ID:(游标)935：相似度99%

INFO:root:单元信息：5*5的矩阵
ID:(游标)936：相似度100%

INFO:root:单元信息：5*5的矩阵
ID:(游标)937：相似度100%

INFO:root:单元信息：5*5的矩阵
ID:(游标)938：相似度100%

INFO:root:单元信息：5*5的矩阵
ID:(游标)939：相似度100%

INFO:root:单元信息：5*5的矩阵
ID:(游标)940：相似度100%

INFO:root:单元信息：5*5的矩阵
ID:(游标)941：相似度100%

INFO:root:单元信息：5*5的矩阵
ID:(游标)942：相似度100%

INFO:root:单元信息：5*5的矩阵
ID:(游标)943：相似度100%

INFO:root:单元信息：5*5的矩阵
ID:(游标)944：相似度100%

INFO:root:单元信息：5*5的矩阵
ID:(游标)945：相似度100%

INFO:root:单元信息：5*5的矩阵
ID:(游标)946：相似度100%

INFO:root:单元信息：5*5的矩阵
ID:(游标)947：相似度100%

INFO:root:单元信息：5*5的矩阵
ID:(游标)948：相似度100%

INFO:root:单元信息：5*5的矩阵
ID:(游标)949：相似度100%

INFO:root:单元信息：5*5的矩阵
ID:(游标)950：相似度100%

INFO:root:单元信息：5*5的矩阵
ID:(游标)951：相似度100%

INFO:root:单元信息：5*5的矩阵
ID:(游标)952：相似度100%

INFO:root:单元信息：5*5的矩阵
ID:(游标)953：相似度100%

INFO:root:单元信息：5*5的矩阵
ID:(游标)954：相似度100%

INFO:root:单元信息：5*5的矩阵
ID:(游标)955：相似度100%

INFO:root:单元信息：5*5的矩阵
ID:(游标)956：相似度100%

INFO:root:单元信息：5*5的矩阵
ID:(游标)957：相似度100%

INFO:root:单元信息：5*5的矩阵
ID:(游标)958：相似度100%

INFO:root:单元信息：5*5的矩阵
ID:(游标)959：相似度100%

INFO:root:单元信息：5*5的矩阵
ID:(游标)960：相似度100%

INFO:root:单元信息：5*5的矩阵
ID:(游标)961：相似度100%

INFO:root:单元信息：5*5的矩阵
ID:(游标)962：相似度100%

INFO:root:单元信息：5*5的矩阵
ID:(游标)963：相似度99%

INFO:root:单元信息：5*5的矩阵
ID:(游标)964：相似度100%

INFO:root:单元信息：5*5的矩阵
ID:(游标)965：相似度99%

INFO:root:单元信息：5*5的矩阵
ID:(游标)966：相似度100%

INFO:root:单元信息：5*5的矩阵
ID:(游标)967：相似度100%

INFO:root:单元信息：5*5的矩阵
ID:(游标)968：相似度100%

INFO:root:单元信息：5*5的矩阵
ID:(游标)969：相似度100%

INFO:root:单元信息：5*5的矩阵
ID:(游标)970：相似度100%

INFO:root:单元信息：5*5的矩阵
ID:(游标)971：相似度100%

INFO:root:单元信息：5*5的矩阵
ID:(游标)972：相似度100%

INFO:root:单元信息：5*5的矩阵
ID:(游标)973：相似度100%

INFO:root:单元信息：5*5的矩阵
ID:(游标)974：相似度100%

INFO:root:单元信息：5*5的矩阵
ID:(游标)975：相似度100%

INFO:root:单元信息：5*5的矩阵
ID:(游标)976：相似度100%

INFO:root:单元信息：5*5的矩阵
ID:(游标)977：相似度100%

INFO:root:单元信息：5*5的矩阵
ID:(游标)978：相似度100%

INFO:root:单元信息：5*5的矩阵
ID:(游标)979：相似度100%

INFO:root:单元信息：5*5的矩阵
ID:(游标)980：相似度100%

INFO:root:单元信息：5*5的矩阵
ID:(游标)981：相似度100%

INFO:root:单元信息：5*5的矩阵
ID:(游标)982：相似度100%

INFO:root:单元信息：5*5的矩阵
ID:(游标)983：相似度100%

INFO:root:单元信息：5*5的矩阵
ID:(游标)984：相似度100%

INFO:root:单元信息：5*5的矩阵
ID:(游标)985：相似度100%

INFO:root:单元信息：5*5的矩阵
ID:(游标)986：相似度100%

INFO:root:单元信息：5*5的矩阵
ID:(游标)987：相似度100%

INFO:root:单元信息：5*5的矩阵
ID:(游标)988：相似度100%

INFO:root:单元信息：5*5的矩阵
ID:(游标)989：相似度99%

INFO:root:单元信息：5*5的矩阵
ID:(游标)990：相似度100%

INFO:root:单元信息：5*5的矩阵
ID:(游标)991：相似度100%

INFO:root:单元信息：5*5的矩阵
ID:(游标)992：相似度100%

INFO:root:单元信息：5*5的矩阵
ID:(游标)993：相似度100%

INFO:root:单元信息：5*5的矩阵
ID:(游标)994：相似度100%

INFO:root:单元信息：5*5的矩阵
ID:(游标)995：相似度100%

INFO:root:单元信息：5*5的矩阵
ID:(游标)996：相似度100%

INFO:root:单元信息：5*5的矩阵
ID:(游标)997：相似度100%

INFO:root:单元信息：5*5的矩阵
ID:(游标)998：相似度100%

INFO:root:单元信息：5*5的矩阵
ID:(游标)999：相似度100%

INFO:root:单元信息：5*5的矩阵
ID:(游标)1000：相似度100%

INFO:root:单元信息：5*5的矩阵
ID:(游标)1001：相似度100%

INFO:root:单元信息：5*5的矩阵
ID:(游标)1002：相似度100%

INFO:root:单元信息：5*5的矩阵
ID:(游标)1003：相似度100%

INFO:root:单元信息：5*5的矩阵
ID:(游标)1004：相似度100%

INFO:root:单元信息：5*5的矩阵
ID:(游标)1005：相似度100%

INFO:root:单元信息：5*5的矩阵
ID:(游标)1006：相似度100%

INFO:root:单元信息：5*5的矩阵
ID:(游标)1007：相似度100%

INFO:root:单元信息：5*5的矩阵
ID:(游标)1008：相似度100%

INFO:root:单元信息：5*5的矩阵
ID:(游标)1009：相似度100%

INFO:root:单元信息：5*5的矩阵
ID:(游标)1010：相似度100%

INFO:root:单元信息：5*5的矩阵
ID:(游标)1011：相似度100%

INFO:root:单元信息：5*5的矩阵
ID:(游标)1012：相似度100%

INFO:root:单元信息：5*5的矩阵
ID:(游标)1013：相似度99%

INFO:root:单元信息：5*5的矩阵
ID:(游标)1014：相似度100%

INFO:root:单元信息：5*5的矩阵
ID:(游标)1015：相似度100%

INFO:root:单元信息：5*5的矩阵
ID:(游标)1016：相似度100%

INFO:root:单元信息：5*5的矩阵
ID:(游标)1017：相似度100%

INFO:root:单元信息：5*5的矩阵
ID:(游标)1018：相似度100%

INFO:root:单元信息：5*5的矩阵
ID:(游标)1019：相似度100%

INFO:root:单元信息：5*5的矩阵
ID:(游标)1020：相似度100%

INFO:root:单元信息：5*5的矩阵
ID:(游标)1021：相似度100%

INFO:root:单元信息：5*5的矩阵
ID:(游标)1022：相似度100%

INFO:root:单元信息：5*5的矩阵
ID:(游标)1023：相似度100%

INFO:root:单元信息：5*5的矩阵
ID:(游标)1024：相似度100%

INFO:root:单元信息：5*5的矩阵
ID:(游标)1025：相似度100%

INFO:root:单元信息：5*5的矩阵
ID:(游标)1026：相似度100%

INFO:root:单元信息：5*5的矩阵
ID:(游标)1027：相似度100%

INFO:root:单元信息：5*5的矩阵
ID:(游标)1028：相似度100%

INFO:root:单元信息：5*5的矩阵
ID:(游标)1029：相似度100%

INFO:root:单元信息：5*5的矩阵
ID:(游标)1030：相似度100%

INFO:root:单元信息：5*5的矩阵
ID:(游标)1031：相似度100%

INFO:root:单元信息：5*5的矩阵
ID:(游标)1032：相似度100%

INFO:root:单元信息：5*5的矩阵
ID:(游标)1033：相似度100%

INFO:root:单元信息：5*5的矩阵
ID:(游标)1034：相似度100%

INFO:root:单元信息：5*5的矩阵
ID:(游标)1035：相似度100%

INFO:root:单元信息：5*5的矩阵
ID:(游标)1036：相似度100%

INFO:root:单元信息：5*5的矩阵
ID:(游标)1037：相似度100%

INFO:root:单元信息：5*5的矩阵
ID:(游标)1038：相似度100%

INFO:root:单元信息：5*5的矩阵
ID:(游标)1039：相似度100%

INFO:root:单元信息：5*5的矩阵
ID:(游标)1040：相似度100%

INFO:root:单元信息：5*5的矩阵
ID:(游标)1041：相似度100%

INFO:root:单元信息：5*5的矩阵
ID:(游标)1042：相似度100%

INFO:root:单元信息：5*5的矩阵
ID:(游标)1043：相似度100%

INFO:root:单元信息：5*5的矩阵
ID:(游标)1044：相似度100%

INFO:root:单元信息：5*5的矩阵
ID:(游标)1045：相似度100%

INFO:root:单元信息：5*5的矩阵
ID:(游标)1046：相似度100%

INFO:root:单元信息：5*5的矩阵
ID:(游标)1047：相似度100%

INFO:root:单元信息：5*5的矩阵
ID:(游标)1048：相似度100%

INFO:root:单元信息：5*5的矩阵
ID:(游标)1049：相似度100%

INFO:root:单元信息：5*5的矩阵
ID:(游标)1050：相似度100%

INFO:root:单元信息：5*5的矩阵
ID:(游标)1051：相似度100%

INFO:root:单元信息：5*5的矩阵
ID:(游标)1052：相似度100%

INFO:root:单元信息：5*5的矩阵
ID:(游标)1053：相似度100%

INFO:root:单元信息：5*5的矩阵
ID:(游标)1054：相似度100%

INFO:root:单元信息：5*5的矩阵
ID:(游标)1055：相似度100%

INFO:root:单元信息：5*5的矩阵
ID:(游标)1056：相似度100%

INFO:root:单元信息：5*5的矩阵
ID:(游标)1057：相似度100%

INFO:root:单元信息：5*5的矩阵
ID:(游标)1058：相似度100%

INFO:root:单元信息：5*5的矩阵
ID:(游标)1059：相似度100%

INFO:root:单元信息：5*5的矩阵
ID:(游标)1060：相似度100%

INFO:root:单元信息：5*5的矩阵
ID:(游标)1061：相似度100%

INFO:root:单元信息：5*5的矩阵
ID:(游标)1062：相似度100%

INFO:root:单元信息：5*5的矩阵
ID:(游标)1063：相似度100%

INFO:root:单元信息：5*5的矩阵
ID:(游标)1064：相似度100%

INFO:root:单元信息：5*5的矩阵
ID:(游标)1065：相似度100%

INFO:root:单元信息：5*5的矩阵
ID:(游标)1066：相似度100%

INFO:root:单元信息：5*5的矩阵
ID:(游标)1067：相似度100%

INFO:root:单元信息：5*5的矩阵
ID:(游标)1068：相似度100%

INFO:root:单元信息：5*5的矩阵
ID:(游标)1069：相似度100%

INFO:root:单元信息：5*5的矩阵
ID:(游标)1070：相似度100%

INFO:root:单元信息：5*5的矩阵
ID:(游标)1071：相似度100%

INFO:root:单元信息：5*5的矩阵
ID:(游标)1072：相似度100%

INFO:root:单元信息：5*5的矩阵
ID:(游标)1073：相似度100%

INFO:root:单元信息：5*5的矩阵
ID:(游标)1074：相似度100%

INFO:root:单元信息：5*5的矩阵
ID:(游标)1075：相似度100%

INFO:root:单元信息：5*5的矩阵
ID:(游标)1076：相似度100%

INFO:root:单元信息：5*5的矩阵
ID:(游标)1077：相似度100%

INFO:root:单元信息：5*5的矩阵
ID:(游标)1078：相似度100%

INFO:root:单元信息：5*5的矩阵
ID:(游标)1079：相似度100%

INFO:root:单元信息：5*5的矩阵
ID:(游标)1080：相似度100%

INFO:root:单元信息：5*5的矩阵
ID:(游标)1081：相似度100%

INFO:root:单元信息：5*5的矩阵
ID:(游标)1082：相似度100%

INFO:root:单元信息：5*5的矩阵
ID:(游标)1083：相似度100%

INFO:root:单元信息：5*5的矩阵
ID:(游标)1084：相似度100%

INFO:root:单元信息：5*5的矩阵
ID:(游标)1085：相似度100%

INFO:root:单元信息：5*5的矩阵
ID:(游标)1086：相似度100%

INFO:root:单元信息：5*5的矩阵
ID:(游标)1087：相似度100%

INFO:root:单元信息：5*5的矩阵
ID:(游标)1088：相似度100%

INFO:root:单元信息：5*5的矩阵
ID:(游标)1089：相似度100%

INFO:root:单元信息：5*5的矩阵
ID:(游标)1090：相似度100%

INFO:root:单元信息：5*5的矩阵
ID:(游标)1091：相似度100%

INFO:root:单元信息：5*5的矩阵
ID:(游标)1092：相似度100%

INFO:root:单元信息：5*5的矩阵
ID:(游标)1093：相似度100%

INFO:root:单元信息：5*5的矩阵
ID:(游标)1094：相似度100%

INFO:root:单元信息：5*5的矩阵
ID:(游标)1095：相似度100%

INFO:root:单元信息：5*5的矩阵
ID:(游标)1096：相似度100%

INFO:root:单元信息：5*5的矩阵
ID:(游标)1097：相似度100%

INFO:root:单元信息：5*5的矩阵
ID:(游标)1098：相似度100%

INFO:root:单元信息：5*5的矩阵
ID:(游标)1099：相似度100%

INFO:root:单元信息：5*5的矩阵
ID:(游标)1100：相似度100%

INFO:root:单元信息：5*5的矩阵
ID:(游标)1101：相似度100%

INFO:root:单元信息：5*5的矩阵
ID:(游标)1102：相似度100%

INFO:root:单元信息：5*5的矩阵
ID:(游标)1103：相似度100%

INFO:root:单元信息：5*5的矩阵
ID:(游标)1104：相似度100%

INFO:root:单元信息：5*5的矩阵
ID:(游标)1105：相似度100%

INFO:root:单元信息：5*5的矩阵
ID:(游标)1106：相似度100%

INFO:root:单元信息：5*5的矩阵
ID:(游标)1107：相似度100%

INFO:root:单元信息：5*5的矩阵
ID:(游标)1108：相似度100%

INFO:root:单元信息：5*5的矩阵
ID:(游标)1109：相似度100%

INFO:root:单元信息：5*5的矩阵
ID:(游标)1110：相似度100%

INFO:root:单元信息：5*5的矩阵
ID:(游标)1111：相似度100%

INFO:root:单元信息：5*5的矩阵
ID:(游标)1112：相似度100%

INFO:root:单元信息：5*5的矩阵
ID:(游标)1113：相似度100%

INFO:root:单元信息：5*5的矩阵
ID:(游标)1114：相似度100%

INFO:root:单元信息：5*5的矩阵
ID:(游标)1115：相似度100%

INFO:root:单元信息：5*5的矩阵
ID:(游标)1116：相似度100%

INFO:root:单元信息：5*5的矩阵
ID:(游标)1117：相似度100%

INFO:root:单元信息：5*5的矩阵
ID:(游标)1118：相似度100%

INFO:root:单元信息：5*5的矩阵
ID:(游标)1119：相似度100%

INFO:root:单元信息：5*5的矩阵
ID:(游标)1120：相似度100%

INFO:root:单元信息：5*5的矩阵
ID:(游标)1121：相似度100%

INFO:root:单元信息：5*5的矩阵
ID:(游标)1122：相似度100%

INFO:root:单元信息：5*5的矩阵
ID:(游标)1123：相似度100%

INFO:root:单元信息：5*5的矩阵
ID:(游标)1124：相似度100%

INFO:root:单元信息：5*5的矩阵
ID:(游标)1125：相似度100%

INFO:root:单元信息：5*5的矩阵
ID:(游标)1126：相似度100%

INFO:root:单元信息：5*5的矩阵
ID:(游标)1127：相似度100%

INFO:root:单元信息：5*5的矩阵
ID:(游标)1128：相似度100%

INFO:root:单元信息：5*5的矩阵
ID:(游标)1129：相似度100%

INFO:root:单元信息：5*5的矩阵
ID:(游标)1130：相似度100%

INFO:root:单元信息：5*5的矩阵
ID:(游标)1131：相似度100%

INFO:root:单元信息：5*5的矩阵
ID:(游标)1132：相似度100%

INFO:root:单元信息：5*5的矩阵
ID:(游标)1133：相似度100%

INFO:root:单元信息：5*5的矩阵
ID:(游标)1134：相似度100%

INFO:root:单元信息：5*5的矩阵
ID:(游标)1135：相似度100%

INFO:root:单元信息：5*5的矩阵
ID:(游标)1136：相似度100%

INFO:root:单元信息：5*5的矩阵
ID:(游标)1137：相似度100%

INFO:root:单元信息：5*5的矩阵
ID:(游标)1138：相似度100%

INFO:root:单元信息：5*5的矩阵
ID:(游标)1139：相似度100%

INFO:root:单元信息：5*5的矩阵
ID:(游标)1140：相似度100%

INFO:root:单元信息：5*5的矩阵
ID:(游标)1141：相似度100%

INFO:root:单元信息：5*5的矩阵
ID:(游标)1142：相似度100%

INFO:root:单元信息：5*5的矩阵
ID:(游标)1143：相似度100%

INFO:root:单元信息：5*5的矩阵
ID:(游标)1144：相似度100%

INFO:root:单元信息：5*5的矩阵
ID:(游标)1145：相似度100%

INFO:root:单元信息：5*5的矩阵
ID:(游标)1146：相似度100%

INFO:root:单元信息：5*5的矩阵
ID:(游标)1147：相似度100%

INFO:root:单元信息：5*5的矩阵
ID:(游标)1148：相似度100%

INFO:root:单元信息：5*5的矩阵
ID:(游标)1149：相似度100%

INFO:root:单元信息：5*5的矩阵
ID:(游标)1150：相似度100%

INFO:root:单元信息：5*5的矩阵
ID:(游标)1151：相似度100%

INFO:root:单元信息：5*5的矩阵
ID:(游标)1152：相似度100%

INFO:root:单元信息：5*5的矩阵
ID:(游标)1153：相似度100%

INFO:root:单元信息：5*5的矩阵
ID:(游标)1154：相似度100%

INFO:root:单元信息：5*5的矩阵
ID:(游标)1155：相似度100%

INFO:root:单元信息：5*5的矩阵
ID:(游标)1156：相似度100%

INFO:root:单元信息：5*5的矩阵
ID:(游标)1157：相似度100%

INFO:root:单元信息：5*5的矩阵
ID:(游标)1158：相似度100%

INFO:root:单元信息：5*5的矩阵
ID:(游标)1159：相似度100%

INFO:root:单元信息：5*5的矩阵
ID:(游标)1160：相似度100%

INFO:root:单元信息：5*5的矩阵
ID:(游标)1161：相似度100%

INFO:root:单元信息：5*5的矩阵
ID:(游标)1162：相似度100%

INFO:root:单元信息：5*5的矩阵
ID:(游标)1163：相似度100%

INFO:root:单元信息：5*5的矩阵
ID:(游标)1164：相似度100%

INFO:root:单元信息：5*5的矩阵
ID:(游标)1165：相似度100%

INFO:root:单元信息：5*5的矩阵
ID:(游标)1166：相似度100%

INFO:root:单元信息：5*5的矩阵
ID:(游标)1167：相似度100%

INFO:root:单元信息：5*5的矩阵
ID:(游标)1168：相似度100%

INFO:root:单元信息：5*5的矩阵
ID:(游标)1169：相似度100%

INFO:root:单元信息：5*5的矩阵
ID:(游标)1170：相似度100%

INFO:root:单元信息：5*5的矩阵
ID:(游标)1171：相似度100%

INFO:root:单元信息：5*5的矩阵
ID:(游标)1172：相似度100%

INFO:root:单元信息：5*5的矩阵
ID:(游标)1173：相似度100%

INFO:root:单元信息：5*5的矩阵
ID:(游标)1174：相似度100%

INFO:root:单元信息：5*5的矩阵
ID:(游标)1175：相似度100%

INFO:root:单元信息：5*5的矩阵
ID:(游标)1176：相似度100%

INFO:root:单元信息：5*5的矩阵
ID:(游标)1177：相似度100%

INFO:root:单元信息：5*5的矩阵
ID:(游标)1178：相似度100%

INFO:root:单元信息：5*5的矩阵
ID:(游标)1179：相似度100%

INFO:root:单元信息：5*5的矩阵
ID:(游标)1180：相似度100%

INFO:root:单元信息：5*5的矩阵
ID:(游标)1181：相似度100%

INFO:root:单元信息：5*5的矩阵
ID:(游标)1182：相似度100%

INFO:root:单元信息：5*5的矩阵
ID:(游标)1183：相似度100%

INFO:root:单元信息：5*5的矩阵
ID:(游标)1184：相似度100%

INFO:root:单元信息：5*5的矩阵
ID:(游标)1185：相似度100%

INFO:root:单元信息：5*5的矩阵
ID:(游标)1186：相似度100%

INFO:root:单元信息：5*5的矩阵
ID:(游标)1187：相似度100%

INFO:root:单元信息：5*5的矩阵
ID:(游标)1188：相似度100%

INFO:root:单元信息：5*5的矩阵
ID:(游标)1189：相似度100%

INFO:root:单元信息：5*5的矩阵
ID:(游标)1190：相似度100%

INFO:root:单元信息：5*5的矩阵
ID:(游标)1191：相似度100%

INFO:root:单元信息：5*5的矩阵
ID:(游标)1192：相似度100%

INFO:root:单元信息：5*5的矩阵
ID:(游标)1193：相似度100%

INFO:root:单元信息：5*5的矩阵
ID:(游标)1194：相似度100%

INFO:root:单元信息：5*5的矩阵
ID:(游标)1195：相似度100%

INFO:root:单元信息：5*5的矩阵
ID:(游标)1196：相似度100%

INFO:root:单元信息：5*5的矩阵
ID:(游标)1197：相似度100%

INFO:root:单元信息：5*5的矩阵
ID:(游标)1198：相似度100%

INFO:root:单元信息：5*5的矩阵
ID:(游标)1199：相似度100%

INFO:root:单元信息：5*5的矩阵
ID:(游标)1200：相似度100%

INFO:root:单元信息：5*5的矩阵
ID:(游标)1201：相似度100%

INFO:root:单元信息：5*5的矩阵
ID:(游标)1202：相似度100%

INFO:root:单元信息：5*5的矩阵
ID:(游标)1203：相似度100%

INFO:root:单元信息：5*5的矩阵
ID:(游标)1204：相似度100%

INFO:root:单元信息：5*5的矩阵
ID:(游标)1205：相似度100%

INFO:root:单元信息：5*5的矩阵
ID:(游标)1206：相似度100%

INFO:root:单元信息：5*5的矩阵
ID:(游标)1207：相似度100%

INFO:root:单元信息：5*5的矩阵
ID:(游标)1208：相似度100%

INFO:root:单元信息：5*5的矩阵
ID:(游标)1209：相似度100%

INFO:root:单元信息：5*5的矩阵
ID:(游标)1210：相似度100%

INFO:root:单元信息：5*5的矩阵
ID:(游标)1211：相似度100%

INFO:root:单元信息：5*5的矩阵
ID:(游标)1212：相似度100%

INFO:root:单元信息：5*5的矩阵
ID:(游标)1213：相似度100%

INFO:root:单元信息：5*5的矩阵
ID:(游标)1214：相似度100%

INFO:root:单元信息：5*5的矩阵
ID:(游标)1215：相似度100%

INFO:root:单元信息：5*5的矩阵
ID:(游标)1216：相似度100%

INFO:root:单元信息：5*5的矩阵
ID:(游标)1217：相似度100%

INFO:root:单元信息：5*5的矩阵
ID:(游标)1218：相似度100%

INFO:root:单元信息：5*5的矩阵
ID:(游标)1219：相似度100%

INFO:root:单元信息：5*5的矩阵
ID:(游标)1220：相似度100%

INFO:root:单元信息：5*5的矩阵
ID:(游标)1221：相似度100%

INFO:root:单元信息：5*5的矩阵
ID:(游标)1222：相似度100%

INFO:root:单元信息：5*5的矩阵
ID:(游标)1223：相似度100%

INFO:root:单元信息：5*5的矩阵
ID:(游标)1224：相似度100%

INFO:root:单元信息：5*5的矩阵
ID:(游标)1225：相似度100%

INFO:root:单元信息：5*5的矩阵
ID:(游标)1226：相似度100%

INFO:root:单元信息：5*5的矩阵
ID:(游标)1227：相似度100%

INFO:root:单元信息：5*5的矩阵
ID:(游标)1228：相似度100%

INFO:root:单元信息：5*5的矩阵
ID:(游标)1229：相似度100%

INFO:root:单元信息：5*5的矩阵
ID:(游标)1230：相似度100%

INFO:root:单元信息：5*5的矩阵
ID:(游标)1231：相似度100%

INFO:root:单元信息：5*5的矩阵
ID:(游标)1232：相似度100%

INFO:root:单元信息：5*5的矩阵
ID:(游标)1233：相似度100%

INFO:root:单元信息：5*5的矩阵
ID:(游标)1234：相似度100%

INFO:root:单元信息：5*5的矩阵
ID:(游标)1235：相似度100%

INFO:root:单元信息：5*5的矩阵
ID:(游标)1236：相似度100%

INFO:root:单元信息：5*5的矩阵
ID:(游标)1237：相似度100%

INFO:root:单元信息：5*5的矩阵
ID:(游标)1238：相似度100%

INFO:root:单元信息：5*5的矩阵
ID:(游标)1239：相似度100%

INFO:root:单元信息：5*5的矩阵
ID:(游标)1240：相似度100%

INFO:root:单元信息：5*5的矩阵
ID:(游标)1241：相似度100%

INFO:root:单元信息：5*5的矩阵
ID:(游标)1242：相似度100%

INFO:root:单元信息：5*5的矩阵
ID:(游标)1243：相似度100%

INFO:root:单元信息：5*5的矩阵
ID:(游标)1244：相似度100%

INFO:root:单元信息：5*5的矩阵
ID:(游标)1245：相似度100%

INFO:root:单元信息：5*5的矩阵
ID:(游标)1246：相似度100%

INFO:root:单元信息：5*5的矩阵
ID:(游标)1247：相似度100%

INFO:root:单元信息：5*5的矩阵
ID:(游标)1248：相似度100%

INFO:root:单元信息：5*5的矩阵
ID:(游标)1249：相似度100%

INFO:root:单元信息：5*5的矩阵
ID:(游标)1250：相似度100%

INFO:root:单元信息：5*5的矩阵
ID:(游标)1251：相似度100%

INFO:root:单元信息：5*5的矩阵
ID:(游标)1252：相似度100%

INFO:root:单元信息：5*5的矩阵
ID:(游标)1253：相似度100%

INFO:root:单元信息：5*5的矩阵
ID:(游标)1254：相似度100%

INFO:root:单元信息：5*5的矩阵
ID:(游标)1255：相似度100%

INFO:root:单元信息：5*5的矩阵
ID:(游标)1256：相似度100%

INFO:root:单元信息：5*5的矩阵
ID:(游标)1257：相似度100%

INFO:root:单元信息：5*5的矩阵
ID:(游标)1258：相似度100%

INFO:root:单元信息：5*5的矩阵
ID:(游标)1259：相似度100%

INFO:root:单元信息：5*5的矩阵
ID:(游标)1260：相似度100%

INFO:root:单元信息：5*5的矩阵
ID:(游标)1261：相似度100%

INFO:root:单元信息：5*5的矩阵
ID:(游标)1262：相似度100%

INFO:root:单元信息：5*5的矩阵
ID:(游标)1263：相似度100%

INFO:root:单元信息：5*5的矩阵
ID:(游标)1264：相似度100%

INFO:root:单元信息：5*5的矩阵
ID:(游标)1265：相似度100%

INFO:root:单元信息：5*5的矩阵
ID:(游标)1266：相似度100%

INFO:root:单元信息：5*5的矩阵
ID:(游标)1267：相似度100%

INFO:root:单元信息：5*5的矩阵
ID:(游标)1268：相似度100%

INFO:root:单元信息：5*5的矩阵
ID:(游标)1269：相似度100%

INFO:root:单元信息：5*5的矩阵
ID:(游标)1270：相似度100%

INFO:root:单元信息：5*5的矩阵
ID:(游标)1271：相似度100%

INFO:root:单元信息：5*5的矩阵
ID:(游标)1272：相似度100%

INFO:root:
下降最大的单元游标：246
INFO:root:最大下降值：72
INFO:root:==================================
INFO:root:单元信息：10*118的矩阵
ID:(游标)1：相似度93%

INFO:root:单元信息：10*118的矩阵
ID:(游标)2：相似度84%

INFO:root:单元信息：10*118的矩阵
ID:(游标)3：相似度78%

INFO:root:单元信息：10*118的矩阵
ID:(游标)4：相似度90%

INFO:root:单元信息：10*118的矩阵
ID:(游标)5：相似度81%

INFO:root:单元信息：10*118的矩阵
ID:(游标)6：相似度97%

INFO:root:单元信息：10*118的矩阵
ID:(游标)7：相似度100%

INFO:root:单元信息：10*118的矩阵
ID:(游标)8：相似度100%

INFO:root:单元信息：10*118的矩阵
ID:(游标)9：相似度100%

INFO:root:单元信息：10*118的矩阵
ID:(游标)10：相似度100%

INFO:root:单元信息：10*118的矩阵
ID:(游标)11：相似度100%

INFO:root:单元信息：10*118的矩阵
ID:(游标)12：相似度100%

INFO:root:单元信息：10*118的矩阵
ID:(游标)13：相似度100%

INFO:root:单元信息：10*118的矩阵
ID:(游标)14：相似度100%

INFO:root:单元信息：10*118的矩阵
ID:(游标)15：相似度100%

INFO:root:单元信息：10*118的矩阵
ID:(游标)16：相似度100%

INFO:root:单元信息：10*118的矩阵
ID:(游标)17：相似度89%

INFO:root:单元信息：10*118的矩阵
ID:(游标)18：相似度87%

INFO:root:单元信息：10*118的矩阵
ID:(游标)19：相似度89%

INFO:root:单元信息：10*118的矩阵
ID:(游标)20：相似度85%

INFO:root:单元信息：10*118的矩阵
ID:(游标)21：相似度97%

INFO:root:单元信息：10*118的矩阵
ID:(游标)22：相似度100%

INFO:root:单元信息：10*118的矩阵
ID:(游标)23：相似度100%

INFO:root:单元信息：10*118的矩阵
ID:(游标)24：相似度100%

INFO:root:单元信息：10*118的矩阵
ID:(游标)25：相似度100%

INFO:root:单元信息：10*118的矩阵
ID:(游标)26：相似度100%

INFO:root:单元信息：10*118的矩阵
ID:(游标)27：相似度100%

INFO:root:
下降最大的单元游标：17
INFO:root:最大下降值：11
