2023-08-14 18:40:44,965 - I:/project/python/DataConnectify02/logs/SliderRecognizer_2023-08-14.log - INFO - ==================================
2023-08-14 18:40:45,009 - I:/project/python/DataConnectify02/logs/SliderRecognizer_2023-08-14.log - INFO - 单元信息：10*118的矩阵
ID:(游标)1：相似度97%
2023-08-14 18:40:45,021 - I:/project/python/DataConnectify02/logs/SliderRecognizer_2023-08-14.log - INFO - 单元信息：10*118的矩阵
ID:(游标)2：相似度92%
2023-08-14 18:40:45,034 - I:/project/python/DataConnectify02/logs/SliderRecognizer_2023-08-14.log - INFO - 单元信息：10*118的矩阵
ID:(游标)3：相似度97%
2023-08-14 18:40:45,048 - I:/project/python/DataConnectify02/logs/SliderRecognizer_2023-08-14.log - INFO - 单元信息：10*118的矩阵
ID:(游标)4：相似度98%
2023-08-14 18:40:45,061 - I:/project/python/DataConnectify02/logs/SliderRecognizer_2023-08-14.log - INFO - 单元信息：10*118的矩阵
ID:(游标)5：相似度90%
2023-08-14 18:40:45,073 - I:/project/python/DataConnectify02/logs/SliderRecognizer_2023-08-14.log - INFO - 单元信息：10*118的矩阵
ID:(游标)6：相似度87%
2023-08-14 18:40:45,086 - I:/project/python/DataConnectify02/logs/SliderRecognizer_2023-08-14.log - INFO - 单元信息：10*118的矩阵
ID:(游标)7：相似度79%
2023-08-14 18:40:45,098 - I:/project/python/DataConnectify02/logs/SliderRecognizer_2023-08-14.log - INFO - 单元信息：10*118的矩阵
ID:(游标)8：相似度82%
2023-08-14 18:40:45,110 - I:/project/python/DataConnectify02/logs/SliderRecognizer_2023-08-14.log - INFO - 单元信息：10*118的矩阵
ID:(游标)9：相似度82%
2023-08-14 18:40:45,123 - I:/project/python/DataConnectify02/logs/SliderRecognizer_2023-08-14.log - INFO - 单元信息：10*118的矩阵
ID:(游标)10：相似度89%
2023-08-14 18:40:45,135 - I:/project/python/DataConnectify02/logs/SliderRecognizer_2023-08-14.log - INFO - 单元信息：10*118的矩阵
ID:(游标)11：相似度99%
2023-08-14 18:40:45,146 - I:/project/python/DataConnectify02/logs/SliderRecognizer_2023-08-14.log - INFO - 单元信息：10*118的矩阵
ID:(游标)12：相似度98%
2023-08-14 18:40:45,161 - I:/project/python/DataConnectify02/logs/SliderRecognizer_2023-08-14.log - INFO - 单元信息：10*118的矩阵
ID:(游标)13：相似度99%
2023-08-14 18:40:45,175 - I:/project/python/DataConnectify02/logs/SliderRecognizer_2023-08-14.log - INFO - 单元信息：10*118的矩阵
ID:(游标)14：相似度98%
2023-08-14 18:40:45,189 - I:/project/python/DataConnectify02/logs/SliderRecognizer_2023-08-14.log - INFO - 单元信息：10*118的矩阵
ID:(游标)15：相似度99%
2023-08-14 18:40:45,204 - I:/project/python/DataConnectify02/logs/SliderRecognizer_2023-08-14.log - INFO - 单元信息：10*118的矩阵
ID:(游标)16：相似度98%
2023-08-14 18:40:45,217 - I:/project/python/DataConnectify02/logs/SliderRecognizer_2023-08-14.log - INFO - 单元信息：10*118的矩阵
ID:(游标)17：相似度100%
2023-08-14 18:40:45,231 - I:/project/python/DataConnectify02/logs/SliderRecognizer_2023-08-14.log - INFO - 单元信息：10*118的矩阵
ID:(游标)18：相似度98%
2023-08-14 18:40:45,247 - I:/project/python/DataConnectify02/logs/SliderRecognizer_2023-08-14.log - INFO - 单元信息：10*118的矩阵
ID:(游标)19：相似度99%
2023-08-14 18:40:45,260 - I:/project/python/DataConnectify02/logs/SliderRecognizer_2023-08-14.log - INFO - 单元信息：10*118的矩阵
ID:(游标)20：相似度98%
2023-08-14 18:40:45,274 - I:/project/python/DataConnectify02/logs/SliderRecognizer_2023-08-14.log - INFO - 单元信息：10*118的矩阵
ID:(游标)21：相似度100%
2023-08-14 18:40:45,286 - I:/project/python/DataConnectify02/logs/SliderRecognizer_2023-08-14.log - INFO - 单元信息：10*118的矩阵
ID:(游标)22：相似度99%
2023-08-14 18:40:45,299 - I:/project/python/DataConnectify02/logs/SliderRecognizer_2023-08-14.log - INFO - 单元信息：10*118的矩阵
ID:(游标)23：相似度100%
2023-08-14 18:40:45,312 - I:/project/python/DataConnectify02/logs/SliderRecognizer_2023-08-14.log - INFO - 单元信息：10*118的矩阵
ID:(游标)24：相似度99%
2023-08-14 18:40:45,325 - I:/project/python/DataConnectify02/logs/SliderRecognizer_2023-08-14.log - INFO - 单元信息：10*118的矩阵
ID:(游标)25：相似度97%
2023-08-14 18:40:45,338 - I:/project/python/DataConnectify02/logs/SliderRecognizer_2023-08-14.log - INFO - 单元信息：10*118的矩阵
ID:(游标)26：相似度99%
2023-08-14 18:40:45,341 - I:/project/python/DataConnectify02/logs/SliderRecognizer_2023-08-14.log - INFO - 单元信息：10*118的矩阵
ID:(游标)27：相似度98%
2023-08-14 18:40:45,341 - I:/project/python/DataConnectify02/logs/SliderRecognizer_2023-08-14.log - INFO - 
下降最大的单元游标：5
2023-08-14 18:40:45,341 - I:/project/python/DataConnectify02/logs/SliderRecognizer_2023-08-14.log - INFO - 最大下降值：8
2023-08-14 18:41:15,426 - I:/project/python/DataConnectify02/logs/SliderRecognizer_2023-08-14.log - INFO - ==================================
2023-08-14 18:41:15,426 - I:/project/python/DataConnectify02/logs/SliderRecognizer_2023-08-14.log - INFO - ==================================
2023-08-14 18:41:15,444 - I:/project/python/DataConnectify02/logs/SliderRecognizer_2023-08-14.log - INFO - 单元信息：10*118的矩阵
ID:(游标)1：相似度98%
2023-08-14 18:41:15,444 - I:/project/python/DataConnectify02/logs/SliderRecognizer_2023-08-14.log - INFO - 单元信息：10*118的矩阵
ID:(游标)1：相似度98%
2023-08-14 18:41:15,458 - I:/project/python/DataConnectify02/logs/SliderRecognizer_2023-08-14.log - INFO - 单元信息：10*118的矩阵
ID:(游标)2：相似度90%
2023-08-14 18:41:15,458 - I:/project/python/DataConnectify02/logs/SliderRecognizer_2023-08-14.log - INFO - 单元信息：10*118的矩阵
ID:(游标)2：相似度90%
2023-08-14 18:41:15,470 - I:/project/python/DataConnectify02/logs/SliderRecognizer_2023-08-14.log - INFO - 单元信息：10*118的矩阵
ID:(游标)3：相似度81%
2023-08-14 18:41:15,470 - I:/project/python/DataConnectify02/logs/SliderRecognizer_2023-08-14.log - INFO - 单元信息：10*118的矩阵
ID:(游标)3：相似度81%
2023-08-14 18:41:15,482 - I:/project/python/DataConnectify02/logs/SliderRecognizer_2023-08-14.log - INFO - 单元信息：10*118的矩阵
ID:(游标)4：相似度91%
2023-08-14 18:41:15,482 - I:/project/python/DataConnectify02/logs/SliderRecognizer_2023-08-14.log - INFO - 单元信息：10*118的矩阵
ID:(游标)4：相似度91%
2023-08-14 18:41:15,495 - I:/project/python/DataConnectify02/logs/SliderRecognizer_2023-08-14.log - INFO - 单元信息：10*118的矩阵
ID:(游标)5：相似度75%
2023-08-14 18:41:15,495 - I:/project/python/DataConnectify02/logs/SliderRecognizer_2023-08-14.log - INFO - 单元信息：10*118的矩阵
ID:(游标)5：相似度75%
2023-08-14 18:41:15,507 - I:/project/python/DataConnectify02/logs/SliderRecognizer_2023-08-14.log - INFO - 单元信息：10*118的矩阵
ID:(游标)6：相似度81%
2023-08-14 18:41:15,507 - I:/project/python/DataConnectify02/logs/SliderRecognizer_2023-08-14.log - INFO - 单元信息：10*118的矩阵
ID:(游标)6：相似度81%
2023-08-14 18:41:15,520 - I:/project/python/DataConnectify02/logs/SliderRecognizer_2023-08-14.log - INFO - 单元信息：10*118的矩阵
ID:(游标)7：相似度99%
2023-08-14 18:41:15,520 - I:/project/python/DataConnectify02/logs/SliderRecognizer_2023-08-14.log - INFO - 单元信息：10*118的矩阵
ID:(游标)7：相似度99%
2023-08-14 18:41:15,533 - I:/project/python/DataConnectify02/logs/SliderRecognizer_2023-08-14.log - INFO - 单元信息：10*118的矩阵
ID:(游标)8：相似度99%
2023-08-14 18:41:15,533 - I:/project/python/DataConnectify02/logs/SliderRecognizer_2023-08-14.log - INFO - 单元信息：10*118的矩阵
ID:(游标)8：相似度99%
2023-08-14 18:41:15,544 - I:/project/python/DataConnectify02/logs/SliderRecognizer_2023-08-14.log - INFO - 单元信息：10*118的矩阵
ID:(游标)9：相似度99%
2023-08-14 18:41:15,544 - I:/project/python/DataConnectify02/logs/SliderRecognizer_2023-08-14.log - INFO - 单元信息：10*118的矩阵
ID:(游标)9：相似度99%
2023-08-14 18:41:15,557 - I:/project/python/DataConnectify02/logs/SliderRecognizer_2023-08-14.log - INFO - 单元信息：10*118的矩阵
ID:(游标)10：相似度98%
2023-08-14 18:41:15,557 - I:/project/python/DataConnectify02/logs/SliderRecognizer_2023-08-14.log - INFO - 单元信息：10*118的矩阵
ID:(游标)10：相似度98%
2023-08-14 18:41:15,570 - I:/project/python/DataConnectify02/logs/SliderRecognizer_2023-08-14.log - INFO - 单元信息：10*118的矩阵
ID:(游标)11：相似度100%
2023-08-14 18:41:15,570 - I:/project/python/DataConnectify02/logs/SliderRecognizer_2023-08-14.log - INFO - 单元信息：10*118的矩阵
ID:(游标)11：相似度100%
2023-08-14 18:41:15,584 - I:/project/python/DataConnectify02/logs/SliderRecognizer_2023-08-14.log - INFO - 单元信息：10*118的矩阵
ID:(游标)12：相似度98%
2023-08-14 18:41:15,584 - I:/project/python/DataConnectify02/logs/SliderRecognizer_2023-08-14.log - INFO - 单元信息：10*118的矩阵
ID:(游标)12：相似度98%
2023-08-14 18:41:15,597 - I:/project/python/DataConnectify02/logs/SliderRecognizer_2023-08-14.log - INFO - 单元信息：10*118的矩阵
ID:(游标)13：相似度98%
2023-08-14 18:41:15,597 - I:/project/python/DataConnectify02/logs/SliderRecognizer_2023-08-14.log - INFO - 单元信息：10*118的矩阵
ID:(游标)13：相似度98%
2023-08-14 18:41:15,609 - I:/project/python/DataConnectify02/logs/SliderRecognizer_2023-08-14.log - INFO - 单元信息：10*118的矩阵
ID:(游标)14：相似度81%
2023-08-14 18:41:15,609 - I:/project/python/DataConnectify02/logs/SliderRecognizer_2023-08-14.log - INFO - 单元信息：10*118的矩阵
ID:(游标)14：相似度81%
2023-08-14 18:41:15,622 - I:/project/python/DataConnectify02/logs/SliderRecognizer_2023-08-14.log - INFO - 单元信息：10*118的矩阵
ID:(游标)15：相似度81%
2023-08-14 18:41:15,622 - I:/project/python/DataConnectify02/logs/SliderRecognizer_2023-08-14.log - INFO - 单元信息：10*118的矩阵
ID:(游标)15：相似度81%
2023-08-14 18:41:15,635 - I:/project/python/DataConnectify02/logs/SliderRecognizer_2023-08-14.log - INFO - 单元信息：10*118的矩阵
ID:(游标)16：相似度84%
2023-08-14 18:41:15,635 - I:/project/python/DataConnectify02/logs/SliderRecognizer_2023-08-14.log - INFO - 单元信息：10*118的矩阵
ID:(游标)16：相似度84%
2023-08-14 18:41:15,649 - I:/project/python/DataConnectify02/logs/SliderRecognizer_2023-08-14.log - INFO - 单元信息：10*118的矩阵
ID:(游标)17：相似度86%
2023-08-14 18:41:15,649 - I:/project/python/DataConnectify02/logs/SliderRecognizer_2023-08-14.log - INFO - 单元信息：10*118的矩阵
ID:(游标)17：相似度86%
2023-08-14 18:41:15,661 - I:/project/python/DataConnectify02/logs/SliderRecognizer_2023-08-14.log - INFO - 单元信息：10*118的矩阵
ID:(游标)18：相似度97%
2023-08-14 18:41:15,661 - I:/project/python/DataConnectify02/logs/SliderRecognizer_2023-08-14.log - INFO - 单元信息：10*118的矩阵
ID:(游标)18：相似度97%
2023-08-14 18:41:15,674 - I:/project/python/DataConnectify02/logs/SliderRecognizer_2023-08-14.log - INFO - 单元信息：10*118的矩阵
ID:(游标)19：相似度97%
2023-08-14 18:41:15,674 - I:/project/python/DataConnectify02/logs/SliderRecognizer_2023-08-14.log - INFO - 单元信息：10*118的矩阵
ID:(游标)19：相似度97%
2023-08-14 18:41:15,687 - I:/project/python/DataConnectify02/logs/SliderRecognizer_2023-08-14.log - INFO - 单元信息：10*118的矩阵
ID:(游标)20：相似度99%
2023-08-14 18:41:15,687 - I:/project/python/DataConnectify02/logs/SliderRecognizer_2023-08-14.log - INFO - 单元信息：10*118的矩阵
ID:(游标)20：相似度99%
2023-08-14 18:41:15,699 - I:/project/python/DataConnectify02/logs/SliderRecognizer_2023-08-14.log - INFO - 单元信息：10*118的矩阵
ID:(游标)21：相似度97%
2023-08-14 18:41:15,699 - I:/project/python/DataConnectify02/logs/SliderRecognizer_2023-08-14.log - INFO - 单元信息：10*118的矩阵
ID:(游标)21：相似度97%
2023-08-14 18:41:15,713 - I:/project/python/DataConnectify02/logs/SliderRecognizer_2023-08-14.log - INFO - 单元信息：10*118的矩阵
ID:(游标)22：相似度98%
2023-08-14 18:41:15,713 - I:/project/python/DataConnectify02/logs/SliderRecognizer_2023-08-14.log - INFO - 单元信息：10*118的矩阵
ID:(游标)22：相似度98%
2023-08-14 18:41:15,725 - I:/project/python/DataConnectify02/logs/SliderRecognizer_2023-08-14.log - INFO - 单元信息：10*118的矩阵
ID:(游标)23：相似度100%
2023-08-14 18:41:15,725 - I:/project/python/DataConnectify02/logs/SliderRecognizer_2023-08-14.log - INFO - 单元信息：10*118的矩阵
ID:(游标)23：相似度100%
2023-08-14 18:41:15,738 - I:/project/python/DataConnectify02/logs/SliderRecognizer_2023-08-14.log - INFO - 单元信息：10*118的矩阵
ID:(游标)24：相似度97%
2023-08-14 18:41:15,738 - I:/project/python/DataConnectify02/logs/SliderRecognizer_2023-08-14.log - INFO - 单元信息：10*118的矩阵
ID:(游标)24：相似度97%
2023-08-14 18:41:15,751 - I:/project/python/DataConnectify02/logs/SliderRecognizer_2023-08-14.log - INFO - 单元信息：10*118的矩阵
ID:(游标)25：相似度99%
2023-08-14 18:41:15,751 - I:/project/python/DataConnectify02/logs/SliderRecognizer_2023-08-14.log - INFO - 单元信息：10*118的矩阵
ID:(游标)25：相似度99%
2023-08-14 18:41:15,764 - I:/project/python/DataConnectify02/logs/SliderRecognizer_2023-08-14.log - INFO - 单元信息：10*118的矩阵
ID:(游标)26：相似度98%
2023-08-14 18:41:15,764 - I:/project/python/DataConnectify02/logs/SliderRecognizer_2023-08-14.log - INFO - 单元信息：10*118的矩阵
ID:(游标)26：相似度98%
2023-08-14 18:41:15,767 - I:/project/python/DataConnectify02/logs/SliderRecognizer_2023-08-14.log - INFO - 单元信息：10*118的矩阵
ID:(游标)27：相似度100%
2023-08-14 18:41:15,767 - I:/project/python/DataConnectify02/logs/SliderRecognizer_2023-08-14.log - INFO - 单元信息：10*118的矩阵
ID:(游标)27：相似度100%
2023-08-14 18:41:15,767 - I:/project/python/DataConnectify02/logs/SliderRecognizer_2023-08-14.log - INFO - 
下降最大的单元游标：14
2023-08-14 18:41:15,767 - I:/project/python/DataConnectify02/logs/SliderRecognizer_2023-08-14.log - INFO - 
下降最大的单元游标：14
2023-08-14 18:41:15,767 - I:/project/python/DataConnectify02/logs/SliderRecognizer_2023-08-14.log - INFO - 最大下降值：17
2023-08-14 18:41:15,767 - I:/project/python/DataConnectify02/logs/SliderRecognizer_2023-08-14.log - INFO - 最大下降值：17
2023-08-14 18:41:45,937 - I:/project/python/DataConnectify02/logs/SliderRecognizer_2023-08-14.log - INFO - ==================================
2023-08-14 18:41:45,937 - I:/project/python/DataConnectify02/logs/SliderRecognizer_2023-08-14.log - INFO - ==================================
2023-08-14 18:41:45,937 - I:/project/python/DataConnectify02/logs/SliderRecognizer_2023-08-14.log - INFO - ==================================
2023-08-14 18:41:45,959 - I:/project/python/DataConnectify02/logs/SliderRecognizer_2023-08-14.log - INFO - 单元信息：10*118的矩阵
ID:(游标)1：相似度99%
2023-08-14 18:41:45,959 - I:/project/python/DataConnectify02/logs/SliderRecognizer_2023-08-14.log - INFO - 单元信息：10*118的矩阵
ID:(游标)1：相似度99%
2023-08-14 18:41:45,959 - I:/project/python/DataConnectify02/logs/SliderRecognizer_2023-08-14.log - INFO - 单元信息：10*118的矩阵
ID:(游标)1：相似度99%
2023-08-14 18:41:45,974 - I:/project/python/DataConnectify02/logs/SliderRecognizer_2023-08-14.log - INFO - 单元信息：10*118的矩阵
ID:(游标)2：相似度80%
2023-08-14 18:41:45,974 - I:/project/python/DataConnectify02/logs/SliderRecognizer_2023-08-14.log - INFO - 单元信息：10*118的矩阵
ID:(游标)2：相似度80%
2023-08-14 18:41:45,974 - I:/project/python/DataConnectify02/logs/SliderRecognizer_2023-08-14.log - INFO - 单元信息：10*118的矩阵
ID:(游标)2：相似度80%
2023-08-14 18:41:45,987 - I:/project/python/DataConnectify02/logs/SliderRecognizer_2023-08-14.log - INFO - 单元信息：10*118的矩阵
ID:(游标)3：相似度83%
2023-08-14 18:41:45,987 - I:/project/python/DataConnectify02/logs/SliderRecognizer_2023-08-14.log - INFO - 单元信息：10*118的矩阵
ID:(游标)3：相似度83%
2023-08-14 18:41:45,987 - I:/project/python/DataConnectify02/logs/SliderRecognizer_2023-08-14.log - INFO - 单元信息：10*118的矩阵
ID:(游标)3：相似度83%
2023-08-14 18:41:46,000 - I:/project/python/DataConnectify02/logs/SliderRecognizer_2023-08-14.log - INFO - 单元信息：10*118的矩阵
ID:(游标)4：相似度94%
2023-08-14 18:41:46,000 - I:/project/python/DataConnectify02/logs/SliderRecognizer_2023-08-14.log - INFO - 单元信息：10*118的矩阵
ID:(游标)4：相似度94%
2023-08-14 18:41:46,000 - I:/project/python/DataConnectify02/logs/SliderRecognizer_2023-08-14.log - INFO - 单元信息：10*118的矩阵
ID:(游标)4：相似度94%
2023-08-14 18:41:46,013 - I:/project/python/DataConnectify02/logs/SliderRecognizer_2023-08-14.log - INFO - 单元信息：10*118的矩阵
ID:(游标)5：相似度89%
2023-08-14 18:41:46,013 - I:/project/python/DataConnectify02/logs/SliderRecognizer_2023-08-14.log - INFO - 单元信息：10*118的矩阵
ID:(游标)5：相似度89%
2023-08-14 18:41:46,013 - I:/project/python/DataConnectify02/logs/SliderRecognizer_2023-08-14.log - INFO - 单元信息：10*118的矩阵
ID:(游标)5：相似度89%
2023-08-14 18:41:46,027 - I:/project/python/DataConnectify02/logs/SliderRecognizer_2023-08-14.log - INFO - 单元信息：10*118的矩阵
ID:(游标)6：相似度98%
2023-08-14 18:41:46,027 - I:/project/python/DataConnectify02/logs/SliderRecognizer_2023-08-14.log - INFO - 单元信息：10*118的矩阵
ID:(游标)6：相似度98%
2023-08-14 18:41:46,027 - I:/project/python/DataConnectify02/logs/SliderRecognizer_2023-08-14.log - INFO - 单元信息：10*118的矩阵
ID:(游标)6：相似度98%
2023-08-14 18:41:46,040 - I:/project/python/DataConnectify02/logs/SliderRecognizer_2023-08-14.log - INFO - 单元信息：10*118的矩阵
ID:(游标)7：相似度100%
2023-08-14 18:41:46,040 - I:/project/python/DataConnectify02/logs/SliderRecognizer_2023-08-14.log - INFO - 单元信息：10*118的矩阵
ID:(游标)7：相似度100%
2023-08-14 18:41:46,040 - I:/project/python/DataConnectify02/logs/SliderRecognizer_2023-08-14.log - INFO - 单元信息：10*118的矩阵
ID:(游标)7：相似度100%
2023-08-14 18:41:46,053 - I:/project/python/DataConnectify02/logs/SliderRecognizer_2023-08-14.log - INFO - 单元信息：10*118的矩阵
ID:(游标)8：相似度98%
2023-08-14 18:41:46,053 - I:/project/python/DataConnectify02/logs/SliderRecognizer_2023-08-14.log - INFO - 单元信息：10*118的矩阵
ID:(游标)8：相似度98%
2023-08-14 18:41:46,053 - I:/project/python/DataConnectify02/logs/SliderRecognizer_2023-08-14.log - INFO - 单元信息：10*118的矩阵
ID:(游标)8：相似度98%
2023-08-14 18:41:46,066 - I:/project/python/DataConnectify02/logs/SliderRecognizer_2023-08-14.log - INFO - 单元信息：10*118的矩阵
ID:(游标)9：相似度100%
2023-08-14 18:41:46,066 - I:/project/python/DataConnectify02/logs/SliderRecognizer_2023-08-14.log - INFO - 单元信息：10*118的矩阵
ID:(游标)9：相似度100%
2023-08-14 18:41:46,066 - I:/project/python/DataConnectify02/logs/SliderRecognizer_2023-08-14.log - INFO - 单元信息：10*118的矩阵
ID:(游标)9：相似度100%
2023-08-14 18:41:46,082 - I:/project/python/DataConnectify02/logs/SliderRecognizer_2023-08-14.log - INFO - 单元信息：10*118的矩阵
ID:(游标)10：相似度97%
2023-08-14 18:41:46,082 - I:/project/python/DataConnectify02/logs/SliderRecognizer_2023-08-14.log - INFO - 单元信息：10*118的矩阵
ID:(游标)10：相似度97%
2023-08-14 18:41:46,082 - I:/project/python/DataConnectify02/logs/SliderRecognizer_2023-08-14.log - INFO - 单元信息：10*118的矩阵
ID:(游标)10：相似度97%
2023-08-14 18:41:46,096 - I:/project/python/DataConnectify02/logs/SliderRecognizer_2023-08-14.log - INFO - 单元信息：10*118的矩阵
ID:(游标)11：相似度97%
2023-08-14 18:41:46,096 - I:/project/python/DataConnectify02/logs/SliderRecognizer_2023-08-14.log - INFO - 单元信息：10*118的矩阵
ID:(游标)11：相似度97%
2023-08-14 18:41:46,096 - I:/project/python/DataConnectify02/logs/SliderRecognizer_2023-08-14.log - INFO - 单元信息：10*118的矩阵
ID:(游标)11：相似度97%
2023-08-14 18:41:46,110 - I:/project/python/DataConnectify02/logs/SliderRecognizer_2023-08-14.log - INFO - 单元信息：10*118的矩阵
ID:(游标)12：相似度96%
2023-08-14 18:41:46,110 - I:/project/python/DataConnectify02/logs/SliderRecognizer_2023-08-14.log - INFO - 单元信息：10*118的矩阵
ID:(游标)12：相似度96%
2023-08-14 18:41:46,110 - I:/project/python/DataConnectify02/logs/SliderRecognizer_2023-08-14.log - INFO - 单元信息：10*118的矩阵
ID:(游标)12：相似度96%
2023-08-14 18:41:46,123 - I:/project/python/DataConnectify02/logs/SliderRecognizer_2023-08-14.log - INFO - 单元信息：10*118的矩阵
ID:(游标)13：相似度94%
2023-08-14 18:41:46,123 - I:/project/python/DataConnectify02/logs/SliderRecognizer_2023-08-14.log - INFO - 单元信息：10*118的矩阵
ID:(游标)13：相似度94%
2023-08-14 18:41:46,123 - I:/project/python/DataConnectify02/logs/SliderRecognizer_2023-08-14.log - INFO - 单元信息：10*118的矩阵
ID:(游标)13：相似度94%
2023-08-14 18:41:46,136 - I:/project/python/DataConnectify02/logs/SliderRecognizer_2023-08-14.log - INFO - 单元信息：10*118的矩阵
ID:(游标)14：相似度96%
2023-08-14 18:41:46,136 - I:/project/python/DataConnectify02/logs/SliderRecognizer_2023-08-14.log - INFO - 单元信息：10*118的矩阵
ID:(游标)14：相似度96%
2023-08-14 18:41:46,136 - I:/project/python/DataConnectify02/logs/SliderRecognizer_2023-08-14.log - INFO - 单元信息：10*118的矩阵
ID:(游标)14：相似度96%
2023-08-14 18:41:46,148 - I:/project/python/DataConnectify02/logs/SliderRecognizer_2023-08-14.log - INFO - 单元信息：10*118的矩阵
ID:(游标)15：相似度96%
2023-08-14 18:41:46,148 - I:/project/python/DataConnectify02/logs/SliderRecognizer_2023-08-14.log - INFO - 单元信息：10*118的矩阵
ID:(游标)15：相似度96%
2023-08-14 18:41:46,148 - I:/project/python/DataConnectify02/logs/SliderRecognizer_2023-08-14.log - INFO - 单元信息：10*118的矩阵
ID:(游标)15：相似度96%
2023-08-14 18:41:46,163 - I:/project/python/DataConnectify02/logs/SliderRecognizer_2023-08-14.log - INFO - 单元信息：10*118的矩阵
ID:(游标)16：相似度99%
2023-08-14 18:41:46,163 - I:/project/python/DataConnectify02/logs/SliderRecognizer_2023-08-14.log - INFO - 单元信息：10*118的矩阵
ID:(游标)16：相似度99%
2023-08-14 18:41:46,163 - I:/project/python/DataConnectify02/logs/SliderRecognizer_2023-08-14.log - INFO - 单元信息：10*118的矩阵
ID:(游标)16：相似度99%
2023-08-14 18:41:46,176 - I:/project/python/DataConnectify02/logs/SliderRecognizer_2023-08-14.log - INFO - 单元信息：10*118的矩阵
ID:(游标)17：相似度100%
2023-08-14 18:41:46,176 - I:/project/python/DataConnectify02/logs/SliderRecognizer_2023-08-14.log - INFO - 单元信息：10*118的矩阵
ID:(游标)17：相似度100%
2023-08-14 18:41:46,176 - I:/project/python/DataConnectify02/logs/SliderRecognizer_2023-08-14.log - INFO - 单元信息：10*118的矩阵
ID:(游标)17：相似度100%
2023-08-14 18:41:46,188 - I:/project/python/DataConnectify02/logs/SliderRecognizer_2023-08-14.log - INFO - 单元信息：10*118的矩阵
ID:(游标)18：相似度98%
2023-08-14 18:41:46,188 - I:/project/python/DataConnectify02/logs/SliderRecognizer_2023-08-14.log - INFO - 单元信息：10*118的矩阵
ID:(游标)18：相似度98%
2023-08-14 18:41:46,188 - I:/project/python/DataConnectify02/logs/SliderRecognizer_2023-08-14.log - INFO - 单元信息：10*118的矩阵
ID:(游标)18：相似度98%
2023-08-14 18:41:46,201 - I:/project/python/DataConnectify02/logs/SliderRecognizer_2023-08-14.log - INFO - 单元信息：10*118的矩阵
ID:(游标)19：相似度86%
2023-08-14 18:41:46,201 - I:/project/python/DataConnectify02/logs/SliderRecognizer_2023-08-14.log - INFO - 单元信息：10*118的矩阵
ID:(游标)19：相似度86%
2023-08-14 18:41:46,201 - I:/project/python/DataConnectify02/logs/SliderRecognizer_2023-08-14.log - INFO - 单元信息：10*118的矩阵
ID:(游标)19：相似度86%
2023-08-14 18:41:46,213 - I:/project/python/DataConnectify02/logs/SliderRecognizer_2023-08-14.log - INFO - 单元信息：10*118的矩阵
ID:(游标)20：相似度74%
2023-08-14 18:41:46,213 - I:/project/python/DataConnectify02/logs/SliderRecognizer_2023-08-14.log - INFO - 单元信息：10*118的矩阵
ID:(游标)20：相似度74%
2023-08-14 18:41:46,213 - I:/project/python/DataConnectify02/logs/SliderRecognizer_2023-08-14.log - INFO - 单元信息：10*118的矩阵
ID:(游标)20：相似度74%
2023-08-14 18:41:46,228 - I:/project/python/DataConnectify02/logs/SliderRecognizer_2023-08-14.log - INFO - 单元信息：10*118的矩阵
ID:(游标)21：相似度72%
2023-08-14 18:41:46,228 - I:/project/python/DataConnectify02/logs/SliderRecognizer_2023-08-14.log - INFO - 单元信息：10*118的矩阵
ID:(游标)21：相似度72%
2023-08-14 18:41:46,228 - I:/project/python/DataConnectify02/logs/SliderRecognizer_2023-08-14.log - INFO - 单元信息：10*118的矩阵
ID:(游标)21：相似度72%
2023-08-14 18:41:46,240 - I:/project/python/DataConnectify02/logs/SliderRecognizer_2023-08-14.log - INFO - 单元信息：10*118的矩阵
ID:(游标)22：相似度79%
2023-08-14 18:41:46,240 - I:/project/python/DataConnectify02/logs/SliderRecognizer_2023-08-14.log - INFO - 单元信息：10*118的矩阵
ID:(游标)22：相似度79%
2023-08-14 18:41:46,240 - I:/project/python/DataConnectify02/logs/SliderRecognizer_2023-08-14.log - INFO - 单元信息：10*118的矩阵
ID:(游标)22：相似度79%
2023-08-14 18:41:46,253 - I:/project/python/DataConnectify02/logs/SliderRecognizer_2023-08-14.log - INFO - 单元信息：10*118的矩阵
ID:(游标)23：相似度91%
2023-08-14 18:41:46,253 - I:/project/python/DataConnectify02/logs/SliderRecognizer_2023-08-14.log - INFO - 单元信息：10*118的矩阵
ID:(游标)23：相似度91%
2023-08-14 18:41:46,253 - I:/project/python/DataConnectify02/logs/SliderRecognizer_2023-08-14.log - INFO - 单元信息：10*118的矩阵
ID:(游标)23：相似度91%
2023-08-14 18:41:46,266 - I:/project/python/DataConnectify02/logs/SliderRecognizer_2023-08-14.log - INFO - 单元信息：10*118的矩阵
ID:(游标)24：相似度98%
2023-08-14 18:41:46,266 - I:/project/python/DataConnectify02/logs/SliderRecognizer_2023-08-14.log - INFO - 单元信息：10*118的矩阵
ID:(游标)24：相似度98%
2023-08-14 18:41:46,266 - I:/project/python/DataConnectify02/logs/SliderRecognizer_2023-08-14.log - INFO - 单元信息：10*118的矩阵
ID:(游标)24：相似度98%
2023-08-14 18:41:46,279 - I:/project/python/DataConnectify02/logs/SliderRecognizer_2023-08-14.log - INFO - 单元信息：10*118的矩阵
ID:(游标)25：相似度100%
2023-08-14 18:41:46,279 - I:/project/python/DataConnectify02/logs/SliderRecognizer_2023-08-14.log - INFO - 单元信息：10*118的矩阵
ID:(游标)25：相似度100%
2023-08-14 18:41:46,279 - I:/project/python/DataConnectify02/logs/SliderRecognizer_2023-08-14.log - INFO - 单元信息：10*118的矩阵
ID:(游标)25：相似度100%
2023-08-14 18:41:46,295 - I:/project/python/DataConnectify02/logs/SliderRecognizer_2023-08-14.log - INFO - 单元信息：10*118的矩阵
ID:(游标)26：相似度97%
2023-08-14 18:41:46,295 - I:/project/python/DataConnectify02/logs/SliderRecognizer_2023-08-14.log - INFO - 单元信息：10*118的矩阵
ID:(游标)26：相似度97%
2023-08-14 18:41:46,295 - I:/project/python/DataConnectify02/logs/SliderRecognizer_2023-08-14.log - INFO - 单元信息：10*118的矩阵
ID:(游标)26：相似度97%
2023-08-14 18:41:46,299 - I:/project/python/DataConnectify02/logs/SliderRecognizer_2023-08-14.log - INFO - 单元信息：10*118的矩阵
ID:(游标)27：相似度100%
2023-08-14 18:41:46,299 - I:/project/python/DataConnectify02/logs/SliderRecognizer_2023-08-14.log - INFO - 单元信息：10*118的矩阵
ID:(游标)27：相似度100%
2023-08-14 18:41:46,299 - I:/project/python/DataConnectify02/logs/SliderRecognizer_2023-08-14.log - INFO - 单元信息：10*118的矩阵
ID:(游标)27：相似度100%
2023-08-14 18:41:46,299 - I:/project/python/DataConnectify02/logs/SliderRecognizer_2023-08-14.log - INFO - 
下降最大的单元游标：2
2023-08-14 18:41:46,299 - I:/project/python/DataConnectify02/logs/SliderRecognizer_2023-08-14.log - INFO - 
下降最大的单元游标：2
2023-08-14 18:41:46,299 - I:/project/python/DataConnectify02/logs/SliderRecognizer_2023-08-14.log - INFO - 
下降最大的单元游标：2
2023-08-14 18:41:46,300 - I:/project/python/DataConnectify02/logs/SliderRecognizer_2023-08-14.log - INFO - 最大下降值：19
2023-08-14 18:41:46,300 - I:/project/python/DataConnectify02/logs/SliderRecognizer_2023-08-14.log - INFO - 最大下降值：19
2023-08-14 18:41:46,300 - I:/project/python/DataConnectify02/logs/SliderRecognizer_2023-08-14.log - INFO - 最大下降值：19
2023-08-14 18:42:16,313 - I:/project/python/DataConnectify02/logs/SliderRecognizer_2023-08-14.log - INFO - ==================================
2023-08-14 18:42:16,313 - I:/project/python/DataConnectify02/logs/SliderRecognizer_2023-08-14.log - INFO - ==================================
2023-08-14 18:42:16,313 - I:/project/python/DataConnectify02/logs/SliderRecognizer_2023-08-14.log - INFO - ==================================
2023-08-14 18:42:16,313 - I:/project/python/DataConnectify02/logs/SliderRecognizer_2023-08-14.log - INFO - ==================================
2023-08-14 18:42:16,332 - I:/project/python/DataConnectify02/logs/SliderRecognizer_2023-08-14.log - INFO - 单元信息：10*118的矩阵
ID:(游标)1：相似度94%
2023-08-14 18:42:16,332 - I:/project/python/DataConnectify02/logs/SliderRecognizer_2023-08-14.log - INFO - 单元信息：10*118的矩阵
ID:(游标)1：相似度94%
2023-08-14 18:42:16,332 - I:/project/python/DataConnectify02/logs/SliderRecognizer_2023-08-14.log - INFO - 单元信息：10*118的矩阵
ID:(游标)1：相似度94%
2023-08-14 18:42:16,332 - I:/project/python/DataConnectify02/logs/SliderRecognizer_2023-08-14.log - INFO - 单元信息：10*118的矩阵
ID:(游标)1：相似度94%
2023-08-14 18:42:16,345 - I:/project/python/DataConnectify02/logs/SliderRecognizer_2023-08-14.log - INFO - 单元信息：10*118的矩阵
ID:(游标)2：相似度99%
2023-08-14 18:42:16,345 - I:/project/python/DataConnectify02/logs/SliderRecognizer_2023-08-14.log - INFO - 单元信息：10*118的矩阵
ID:(游标)2：相似度99%
2023-08-14 18:42:16,345 - I:/project/python/DataConnectify02/logs/SliderRecognizer_2023-08-14.log - INFO - 单元信息：10*118的矩阵
ID:(游标)2：相似度99%
2023-08-14 18:42:16,345 - I:/project/python/DataConnectify02/logs/SliderRecognizer_2023-08-14.log - INFO - 单元信息：10*118的矩阵
ID:(游标)2：相似度99%
2023-08-14 18:42:16,358 - I:/project/python/DataConnectify02/logs/SliderRecognizer_2023-08-14.log - INFO - 单元信息：10*118的矩阵
ID:(游标)3：相似度94%
2023-08-14 18:42:16,358 - I:/project/python/DataConnectify02/logs/SliderRecognizer_2023-08-14.log - INFO - 单元信息：10*118的矩阵
ID:(游标)3：相似度94%
2023-08-14 18:42:16,358 - I:/project/python/DataConnectify02/logs/SliderRecognizer_2023-08-14.log - INFO - 单元信息：10*118的矩阵
ID:(游标)3：相似度94%
2023-08-14 18:42:16,358 - I:/project/python/DataConnectify02/logs/SliderRecognizer_2023-08-14.log - INFO - 单元信息：10*118的矩阵
ID:(游标)3：相似度94%
2023-08-14 18:42:16,371 - I:/project/python/DataConnectify02/logs/SliderRecognizer_2023-08-14.log - INFO - 单元信息：10*118的矩阵
ID:(游标)4：相似度99%
2023-08-14 18:42:16,371 - I:/project/python/DataConnectify02/logs/SliderRecognizer_2023-08-14.log - INFO - 单元信息：10*118的矩阵
ID:(游标)4：相似度99%
2023-08-14 18:42:16,371 - I:/project/python/DataConnectify02/logs/SliderRecognizer_2023-08-14.log - INFO - 单元信息：10*118的矩阵
ID:(游标)4：相似度99%
2023-08-14 18:42:16,371 - I:/project/python/DataConnectify02/logs/SliderRecognizer_2023-08-14.log - INFO - 单元信息：10*118的矩阵
ID:(游标)4：相似度99%
2023-08-14 18:42:16,385 - I:/project/python/DataConnectify02/logs/SliderRecognizer_2023-08-14.log - INFO - 单元信息：10*118的矩阵
ID:(游标)5：相似度88%
2023-08-14 18:42:16,385 - I:/project/python/DataConnectify02/logs/SliderRecognizer_2023-08-14.log - INFO - 单元信息：10*118的矩阵
ID:(游标)5：相似度88%
2023-08-14 18:42:16,385 - I:/project/python/DataConnectify02/logs/SliderRecognizer_2023-08-14.log - INFO - 单元信息：10*118的矩阵
ID:(游标)5：相似度88%
2023-08-14 18:42:16,385 - I:/project/python/DataConnectify02/logs/SliderRecognizer_2023-08-14.log - INFO - 单元信息：10*118的矩阵
ID:(游标)5：相似度88%
2023-08-14 18:42:16,398 - I:/project/python/DataConnectify02/logs/SliderRecognizer_2023-08-14.log - INFO - 单元信息：10*118的矩阵
ID:(游标)6：相似度94%
2023-08-14 18:42:16,398 - I:/project/python/DataConnectify02/logs/SliderRecognizer_2023-08-14.log - INFO - 单元信息：10*118的矩阵
ID:(游标)6：相似度94%
2023-08-14 18:42:16,398 - I:/project/python/DataConnectify02/logs/SliderRecognizer_2023-08-14.log - INFO - 单元信息：10*118的矩阵
ID:(游标)6：相似度94%
2023-08-14 18:42:16,398 - I:/project/python/DataConnectify02/logs/SliderRecognizer_2023-08-14.log - INFO - 单元信息：10*118的矩阵
ID:(游标)6：相似度94%
2023-08-14 18:42:16,411 - I:/project/python/DataConnectify02/logs/SliderRecognizer_2023-08-14.log - INFO - 单元信息：10*118的矩阵
ID:(游标)7：相似度73%
2023-08-14 18:42:16,411 - I:/project/python/DataConnectify02/logs/SliderRecognizer_2023-08-14.log - INFO - 单元信息：10*118的矩阵
ID:(游标)7：相似度73%
2023-08-14 18:42:16,411 - I:/project/python/DataConnectify02/logs/SliderRecognizer_2023-08-14.log - INFO - 单元信息：10*118的矩阵
ID:(游标)7：相似度73%
2023-08-14 18:42:16,411 - I:/project/python/DataConnectify02/logs/SliderRecognizer_2023-08-14.log - INFO - 单元信息：10*118的矩阵
ID:(游标)7：相似度73%
2023-08-14 18:42:16,424 - I:/project/python/DataConnectify02/logs/SliderRecognizer_2023-08-14.log - INFO - 单元信息：10*118的矩阵
ID:(游标)8：相似度79%
2023-08-14 18:42:16,424 - I:/project/python/DataConnectify02/logs/SliderRecognizer_2023-08-14.log - INFO - 单元信息：10*118的矩阵
ID:(游标)8：相似度79%
2023-08-14 18:42:16,424 - I:/project/python/DataConnectify02/logs/SliderRecognizer_2023-08-14.log - INFO - 单元信息：10*118的矩阵
ID:(游标)8：相似度79%
2023-08-14 18:42:16,424 - I:/project/python/DataConnectify02/logs/SliderRecognizer_2023-08-14.log - INFO - 单元信息：10*118的矩阵
ID:(游标)8：相似度79%
2023-08-14 18:42:16,437 - I:/project/python/DataConnectify02/logs/SliderRecognizer_2023-08-14.log - INFO - 单元信息：10*118的矩阵
ID:(游标)9：相似度81%
2023-08-14 18:42:16,437 - I:/project/python/DataConnectify02/logs/SliderRecognizer_2023-08-14.log - INFO - 单元信息：10*118的矩阵
ID:(游标)9：相似度81%
2023-08-14 18:42:16,437 - I:/project/python/DataConnectify02/logs/SliderRecognizer_2023-08-14.log - INFO - 单元信息：10*118的矩阵
ID:(游标)9：相似度81%
2023-08-14 18:42:16,437 - I:/project/python/DataConnectify02/logs/SliderRecognizer_2023-08-14.log - INFO - 单元信息：10*118的矩阵
ID:(游标)9：相似度81%
2023-08-14 18:42:16,450 - I:/project/python/DataConnectify02/logs/SliderRecognizer_2023-08-14.log - INFO - 单元信息：10*118的矩阵
ID:(游标)10：相似度79%
2023-08-14 18:42:16,450 - I:/project/python/DataConnectify02/logs/SliderRecognizer_2023-08-14.log - INFO - 单元信息：10*118的矩阵
ID:(游标)10：相似度79%
2023-08-14 18:42:16,450 - I:/project/python/DataConnectify02/logs/SliderRecognizer_2023-08-14.log - INFO - 单元信息：10*118的矩阵
ID:(游标)10：相似度79%
2023-08-14 18:42:16,450 - I:/project/python/DataConnectify02/logs/SliderRecognizer_2023-08-14.log - INFO - 单元信息：10*118的矩阵
ID:(游标)10：相似度79%
2023-08-14 18:42:16,462 - I:/project/python/DataConnectify02/logs/SliderRecognizer_2023-08-14.log - INFO - 单元信息：10*118的矩阵
ID:(游标)11：相似度89%
2023-08-14 18:42:16,462 - I:/project/python/DataConnectify02/logs/SliderRecognizer_2023-08-14.log - INFO - 单元信息：10*118的矩阵
ID:(游标)11：相似度89%
2023-08-14 18:42:16,462 - I:/project/python/DataConnectify02/logs/SliderRecognizer_2023-08-14.log - INFO - 单元信息：10*118的矩阵
ID:(游标)11：相似度89%
2023-08-14 18:42:16,462 - I:/project/python/DataConnectify02/logs/SliderRecognizer_2023-08-14.log - INFO - 单元信息：10*118的矩阵
ID:(游标)11：相似度89%
2023-08-14 18:42:16,475 - I:/project/python/DataConnectify02/logs/SliderRecognizer_2023-08-14.log - INFO - 单元信息：10*118的矩阵
ID:(游标)12：相似度97%
2023-08-14 18:42:16,475 - I:/project/python/DataConnectify02/logs/SliderRecognizer_2023-08-14.log - INFO - 单元信息：10*118的矩阵
ID:(游标)12：相似度97%
2023-08-14 18:42:16,475 - I:/project/python/DataConnectify02/logs/SliderRecognizer_2023-08-14.log - INFO - 单元信息：10*118的矩阵
ID:(游标)12：相似度97%
2023-08-14 18:42:16,475 - I:/project/python/DataConnectify02/logs/SliderRecognizer_2023-08-14.log - INFO - 单元信息：10*118的矩阵
ID:(游标)12：相似度97%
2023-08-14 18:42:16,487 - I:/project/python/DataConnectify02/logs/SliderRecognizer_2023-08-14.log - INFO - 单元信息：10*118的矩阵
ID:(游标)13：相似度96%
2023-08-14 18:42:16,487 - I:/project/python/DataConnectify02/logs/SliderRecognizer_2023-08-14.log - INFO - 单元信息：10*118的矩阵
ID:(游标)13：相似度96%
2023-08-14 18:42:16,487 - I:/project/python/DataConnectify02/logs/SliderRecognizer_2023-08-14.log - INFO - 单元信息：10*118的矩阵
ID:(游标)13：相似度96%
2023-08-14 18:42:16,487 - I:/project/python/DataConnectify02/logs/SliderRecognizer_2023-08-14.log - INFO - 单元信息：10*118的矩阵
ID:(游标)13：相似度96%
2023-08-14 18:42:16,500 - I:/project/python/DataConnectify02/logs/SliderRecognizer_2023-08-14.log - INFO - 单元信息：10*118的矩阵
ID:(游标)14：相似度99%
2023-08-14 18:42:16,500 - I:/project/python/DataConnectify02/logs/SliderRecognizer_2023-08-14.log - INFO - 单元信息：10*118的矩阵
ID:(游标)14：相似度99%
2023-08-14 18:42:16,500 - I:/project/python/DataConnectify02/logs/SliderRecognizer_2023-08-14.log - INFO - 单元信息：10*118的矩阵
ID:(游标)14：相似度99%
2023-08-14 18:42:16,500 - I:/project/python/DataConnectify02/logs/SliderRecognizer_2023-08-14.log - INFO - 单元信息：10*118的矩阵
ID:(游标)14：相似度99%
2023-08-14 18:42:16,519 - I:/project/python/DataConnectify02/logs/SliderRecognizer_2023-08-14.log - INFO - 单元信息：10*118的矩阵
ID:(游标)15：相似度99%
2023-08-14 18:42:16,519 - I:/project/python/DataConnectify02/logs/SliderRecognizer_2023-08-14.log - INFO - 单元信息：10*118的矩阵
ID:(游标)15：相似度99%
2023-08-14 18:42:16,519 - I:/project/python/DataConnectify02/logs/SliderRecognizer_2023-08-14.log - INFO - 单元信息：10*118的矩阵
ID:(游标)15：相似度99%
2023-08-14 18:42:16,519 - I:/project/python/DataConnectify02/logs/SliderRecognizer_2023-08-14.log - INFO - 单元信息：10*118的矩阵
ID:(游标)15：相似度99%
2023-08-14 18:42:16,533 - I:/project/python/DataConnectify02/logs/SliderRecognizer_2023-08-14.log - INFO - 单元信息：10*118的矩阵
ID:(游标)16：相似度98%
2023-08-14 18:42:16,533 - I:/project/python/DataConnectify02/logs/SliderRecognizer_2023-08-14.log - INFO - 单元信息：10*118的矩阵
ID:(游标)16：相似度98%
2023-08-14 18:42:16,533 - I:/project/python/DataConnectify02/logs/SliderRecognizer_2023-08-14.log - INFO - 单元信息：10*118的矩阵
ID:(游标)16：相似度98%
2023-08-14 18:42:16,533 - I:/project/python/DataConnectify02/logs/SliderRecognizer_2023-08-14.log - INFO - 单元信息：10*118的矩阵
ID:(游标)16：相似度98%
2023-08-14 18:42:16,547 - I:/project/python/DataConnectify02/logs/SliderRecognizer_2023-08-14.log - INFO - 单元信息：10*118的矩阵
ID:(游标)17：相似度99%
2023-08-14 18:42:16,547 - I:/project/python/DataConnectify02/logs/SliderRecognizer_2023-08-14.log - INFO - 单元信息：10*118的矩阵
ID:(游标)17：相似度99%
2023-08-14 18:42:16,547 - I:/project/python/DataConnectify02/logs/SliderRecognizer_2023-08-14.log - INFO - 单元信息：10*118的矩阵
ID:(游标)17：相似度99%
2023-08-14 18:42:16,547 - I:/project/python/DataConnectify02/logs/SliderRecognizer_2023-08-14.log - INFO - 单元信息：10*118的矩阵
ID:(游标)17：相似度99%
2023-08-14 18:42:16,560 - I:/project/python/DataConnectify02/logs/SliderRecognizer_2023-08-14.log - INFO - 单元信息：10*118的矩阵
ID:(游标)18：相似度97%
2023-08-14 18:42:16,560 - I:/project/python/DataConnectify02/logs/SliderRecognizer_2023-08-14.log - INFO - 单元信息：10*118的矩阵
ID:(游标)18：相似度97%
2023-08-14 18:42:16,560 - I:/project/python/DataConnectify02/logs/SliderRecognizer_2023-08-14.log - INFO - 单元信息：10*118的矩阵
ID:(游标)18：相似度97%
2023-08-14 18:42:16,560 - I:/project/python/DataConnectify02/logs/SliderRecognizer_2023-08-14.log - INFO - 单元信息：10*118的矩阵
ID:(游标)18：相似度97%
2023-08-14 18:42:16,573 - I:/project/python/DataConnectify02/logs/SliderRecognizer_2023-08-14.log - INFO - 单元信息：10*118的矩阵
ID:(游标)19：相似度99%
2023-08-14 18:42:16,573 - I:/project/python/DataConnectify02/logs/SliderRecognizer_2023-08-14.log - INFO - 单元信息：10*118的矩阵
ID:(游标)19：相似度99%
2023-08-14 18:42:16,573 - I:/project/python/DataConnectify02/logs/SliderRecognizer_2023-08-14.log - INFO - 单元信息：10*118的矩阵
ID:(游标)19：相似度99%
2023-08-14 18:42:16,573 - I:/project/python/DataConnectify02/logs/SliderRecognizer_2023-08-14.log - INFO - 单元信息：10*118的矩阵
ID:(游标)19：相似度99%
2023-08-14 18:42:16,588 - I:/project/python/DataConnectify02/logs/SliderRecognizer_2023-08-14.log - INFO - 单元信息：10*118的矩阵
ID:(游标)20：相似度97%
2023-08-14 18:42:16,588 - I:/project/python/DataConnectify02/logs/SliderRecognizer_2023-08-14.log - INFO - 单元信息：10*118的矩阵
ID:(游标)20：相似度97%
2023-08-14 18:42:16,588 - I:/project/python/DataConnectify02/logs/SliderRecognizer_2023-08-14.log - INFO - 单元信息：10*118的矩阵
ID:(游标)20：相似度97%
2023-08-14 18:42:16,588 - I:/project/python/DataConnectify02/logs/SliderRecognizer_2023-08-14.log - INFO - 单元信息：10*118的矩阵
ID:(游标)20：相似度97%
2023-08-14 18:42:16,602 - I:/project/python/DataConnectify02/logs/SliderRecognizer_2023-08-14.log - INFO - 单元信息：10*118的矩阵
ID:(游标)21：相似度99%
2023-08-14 18:42:16,602 - I:/project/python/DataConnectify02/logs/SliderRecognizer_2023-08-14.log - INFO - 单元信息：10*118的矩阵
ID:(游标)21：相似度99%
2023-08-14 18:42:16,602 - I:/project/python/DataConnectify02/logs/SliderRecognizer_2023-08-14.log - INFO - 单元信息：10*118的矩阵
ID:(游标)21：相似度99%
2023-08-14 18:42:16,602 - I:/project/python/DataConnectify02/logs/SliderRecognizer_2023-08-14.log - INFO - 单元信息：10*118的矩阵
ID:(游标)21：相似度99%
2023-08-14 18:42:16,615 - I:/project/python/DataConnectify02/logs/SliderRecognizer_2023-08-14.log - INFO - 单元信息：10*118的矩阵
ID:(游标)22：相似度97%
2023-08-14 18:42:16,615 - I:/project/python/DataConnectify02/logs/SliderRecognizer_2023-08-14.log - INFO - 单元信息：10*118的矩阵
ID:(游标)22：相似度97%
2023-08-14 18:42:16,615 - I:/project/python/DataConnectify02/logs/SliderRecognizer_2023-08-14.log - INFO - 单元信息：10*118的矩阵
ID:(游标)22：相似度97%
2023-08-14 18:42:16,615 - I:/project/python/DataConnectify02/logs/SliderRecognizer_2023-08-14.log - INFO - 单元信息：10*118的矩阵
ID:(游标)22：相似度97%
2023-08-14 18:42:16,630 - I:/project/python/DataConnectify02/logs/SliderRecognizer_2023-08-14.log - INFO - 单元信息：10*118的矩阵
ID:(游标)23：相似度99%
2023-08-14 18:42:16,630 - I:/project/python/DataConnectify02/logs/SliderRecognizer_2023-08-14.log - INFO - 单元信息：10*118的矩阵
ID:(游标)23：相似度99%
2023-08-14 18:42:16,630 - I:/project/python/DataConnectify02/logs/SliderRecognizer_2023-08-14.log - INFO - 单元信息：10*118的矩阵
ID:(游标)23：相似度99%
2023-08-14 18:42:16,630 - I:/project/python/DataConnectify02/logs/SliderRecognizer_2023-08-14.log - INFO - 单元信息：10*118的矩阵
ID:(游标)23：相似度99%
2023-08-14 18:42:16,643 - I:/project/python/DataConnectify02/logs/SliderRecognizer_2023-08-14.log - INFO - 单元信息：10*118的矩阵
ID:(游标)24：相似度97%
2023-08-14 18:42:16,643 - I:/project/python/DataConnectify02/logs/SliderRecognizer_2023-08-14.log - INFO - 单元信息：10*118的矩阵
ID:(游标)24：相似度97%
2023-08-14 18:42:16,643 - I:/project/python/DataConnectify02/logs/SliderRecognizer_2023-08-14.log - INFO - 单元信息：10*118的矩阵
ID:(游标)24：相似度97%
2023-08-14 18:42:16,643 - I:/project/python/DataConnectify02/logs/SliderRecognizer_2023-08-14.log - INFO - 单元信息：10*118的矩阵
ID:(游标)24：相似度97%
2023-08-14 18:42:16,656 - I:/project/python/DataConnectify02/logs/SliderRecognizer_2023-08-14.log - INFO - 单元信息：10*118的矩阵
ID:(游标)25：相似度99%
2023-08-14 18:42:16,656 - I:/project/python/DataConnectify02/logs/SliderRecognizer_2023-08-14.log - INFO - 单元信息：10*118的矩阵
ID:(游标)25：相似度99%
2023-08-14 18:42:16,656 - I:/project/python/DataConnectify02/logs/SliderRecognizer_2023-08-14.log - INFO - 单元信息：10*118的矩阵
ID:(游标)25：相似度99%
2023-08-14 18:42:16,656 - I:/project/python/DataConnectify02/logs/SliderRecognizer_2023-08-14.log - INFO - 单元信息：10*118的矩阵
ID:(游标)25：相似度99%
2023-08-14 18:42:16,668 - I:/project/python/DataConnectify02/logs/SliderRecognizer_2023-08-14.log - INFO - 单元信息：10*118的矩阵
ID:(游标)26：相似度98%
2023-08-14 18:42:16,668 - I:/project/python/DataConnectify02/logs/SliderRecognizer_2023-08-14.log - INFO - 单元信息：10*118的矩阵
ID:(游标)26：相似度98%
2023-08-14 18:42:16,668 - I:/project/python/DataConnectify02/logs/SliderRecognizer_2023-08-14.log - INFO - 单元信息：10*118的矩阵
ID:(游标)26：相似度98%
2023-08-14 18:42:16,668 - I:/project/python/DataConnectify02/logs/SliderRecognizer_2023-08-14.log - INFO - 单元信息：10*118的矩阵
ID:(游标)26：相似度98%
2023-08-14 18:42:16,671 - I:/project/python/DataConnectify02/logs/SliderRecognizer_2023-08-14.log - INFO - 单元信息：10*118的矩阵
ID:(游标)27：相似度100%
2023-08-14 18:42:16,671 - I:/project/python/DataConnectify02/logs/SliderRecognizer_2023-08-14.log - INFO - 单元信息：10*118的矩阵
ID:(游标)27：相似度100%
2023-08-14 18:42:16,671 - I:/project/python/DataConnectify02/logs/SliderRecognizer_2023-08-14.log - INFO - 单元信息：10*118的矩阵
ID:(游标)27：相似度100%
2023-08-14 18:42:16,671 - I:/project/python/DataConnectify02/logs/SliderRecognizer_2023-08-14.log - INFO - 单元信息：10*118的矩阵
ID:(游标)27：相似度100%
2023-08-14 18:42:16,672 - I:/project/python/DataConnectify02/logs/SliderRecognizer_2023-08-14.log - INFO - 
下降最大的单元游标：7
2023-08-14 18:42:16,672 - I:/project/python/DataConnectify02/logs/SliderRecognizer_2023-08-14.log - INFO - 
下降最大的单元游标：7
2023-08-14 18:42:16,672 - I:/project/python/DataConnectify02/logs/SliderRecognizer_2023-08-14.log - INFO - 
下降最大的单元游标：7
2023-08-14 18:42:16,672 - I:/project/python/DataConnectify02/logs/SliderRecognizer_2023-08-14.log - INFO - 
下降最大的单元游标：7
2023-08-14 18:42:16,672 - I:/project/python/DataConnectify02/logs/SliderRecognizer_2023-08-14.log - INFO - 最大下降值：21
2023-08-14 18:42:16,672 - I:/project/python/DataConnectify02/logs/SliderRecognizer_2023-08-14.log - INFO - 最大下降值：21
2023-08-14 18:42:16,672 - I:/project/python/DataConnectify02/logs/SliderRecognizer_2023-08-14.log - INFO - 最大下降值：21
2023-08-14 18:42:16,672 - I:/project/python/DataConnectify02/logs/SliderRecognizer_2023-08-14.log - INFO - 最大下降值：21
2023-08-14 18:48:56,882 - I:/project/python/DataConnectify02/logs/SliderRecognizer_2023-08-14.log - INFO - ==================================
2023-08-14 18:48:56,926 - I:/project/python/DataConnectify02/logs/SliderRecognizer_2023-08-14.log - INFO - 单元信息：10*118的矩阵
ID:(游标)1：相似度99%
2023-08-14 18:48:56,939 - I:/project/python/DataConnectify02/logs/SliderRecognizer_2023-08-14.log - INFO - 单元信息：10*118的矩阵
ID:(游标)2：相似度81%
2023-08-14 18:48:56,954 - I:/project/python/DataConnectify02/logs/SliderRecognizer_2023-08-14.log - INFO - 单元信息：10*118的矩阵
ID:(游标)3：相似度92%
2023-08-14 18:48:56,967 - I:/project/python/DataConnectify02/logs/SliderRecognizer_2023-08-14.log - INFO - 单元信息：10*118的矩阵
ID:(游标)4：相似度93%
2023-08-14 18:48:56,981 - I:/project/python/DataConnectify02/logs/SliderRecognizer_2023-08-14.log - INFO - 单元信息：10*118的矩阵
ID:(游标)5：相似度94%
2023-08-14 18:48:56,995 - I:/project/python/DataConnectify02/logs/SliderRecognizer_2023-08-14.log - INFO - 单元信息：10*118的矩阵
ID:(游标)6：相似度100%
2023-08-14 18:48:57,010 - I:/project/python/DataConnectify02/logs/SliderRecognizer_2023-08-14.log - INFO - 单元信息：10*118的矩阵
ID:(游标)7：相似度100%
2023-08-14 18:48:57,023 - I:/project/python/DataConnectify02/logs/SliderRecognizer_2023-08-14.log - INFO - 单元信息：10*118的矩阵
ID:(游标)8：相似度98%
2023-08-14 18:48:57,035 - I:/project/python/DataConnectify02/logs/SliderRecognizer_2023-08-14.log - INFO - 单元信息：10*118的矩阵
ID:(游标)9：相似度100%
2023-08-14 18:48:57,050 - I:/project/python/DataConnectify02/logs/SliderRecognizer_2023-08-14.log - INFO - 单元信息：10*118的矩阵
ID:(游标)10：相似度100%
2023-08-14 18:48:57,074 - I:/project/python/DataConnectify02/logs/SliderRecognizer_2023-08-14.log - INFO - 单元信息：10*118的矩阵
ID:(游标)11：相似度95%
2023-08-14 18:48:57,089 - I:/project/python/DataConnectify02/logs/SliderRecognizer_2023-08-14.log - INFO - 单元信息：10*118的矩阵
ID:(游标)12：相似度97%
2023-08-14 18:48:57,105 - I:/project/python/DataConnectify02/logs/SliderRecognizer_2023-08-14.log - INFO - 单元信息：10*118的矩阵
ID:(游标)13：相似度95%
2023-08-14 18:48:57,118 - I:/project/python/DataConnectify02/logs/SliderRecognizer_2023-08-14.log - INFO - 单元信息：10*118的矩阵
ID:(游标)14：相似度78%
2023-08-14 18:48:57,131 - I:/project/python/DataConnectify02/logs/SliderRecognizer_2023-08-14.log - INFO - 单元信息：10*118的矩阵
ID:(游标)15：相似度75%
2023-08-14 18:48:57,145 - I:/project/python/DataConnectify02/logs/SliderRecognizer_2023-08-14.log - INFO - 单元信息：10*118的矩阵
ID:(游标)16：相似度83%
2023-08-14 18:48:57,159 - I:/project/python/DataConnectify02/logs/SliderRecognizer_2023-08-14.log - INFO - 单元信息：10*118的矩阵
ID:(游标)17：相似度71%
2023-08-14 18:48:57,175 - I:/project/python/DataConnectify02/logs/SliderRecognizer_2023-08-14.log - INFO - 单元信息：10*118的矩阵
ID:(游标)18：相似度81%
2023-08-14 18:48:57,210 - I:/project/python/DataConnectify02/logs/SliderRecognizer_2023-08-14.log - INFO - 单元信息：10*118的矩阵
ID:(游标)19：相似度97%
2023-08-14 18:48:57,237 - I:/project/python/DataConnectify02/logs/SliderRecognizer_2023-08-14.log - INFO - 单元信息：10*118的矩阵
ID:(游标)20：相似度98%
2023-08-14 18:48:57,251 - I:/project/python/DataConnectify02/logs/SliderRecognizer_2023-08-14.log - INFO - 单元信息：10*118的矩阵
ID:(游标)21：相似度100%
2023-08-14 18:48:57,264 - I:/project/python/DataConnectify02/logs/SliderRecognizer_2023-08-14.log - INFO - 单元信息：10*118的矩阵
ID:(游标)22：相似度99%
2023-08-14 18:48:57,278 - I:/project/python/DataConnectify02/logs/SliderRecognizer_2023-08-14.log - INFO - 单元信息：10*118的矩阵
ID:(游标)23：相似度99%
2023-08-14 18:48:57,295 - I:/project/python/DataConnectify02/logs/SliderRecognizer_2023-08-14.log - INFO - 单元信息：10*118的矩阵
ID:(游标)24：相似度98%
2023-08-14 18:48:57,309 - I:/project/python/DataConnectify02/logs/SliderRecognizer_2023-08-14.log - INFO - 单元信息：10*118的矩阵
ID:(游标)25：相似度100%
2023-08-14 18:48:57,323 - I:/project/python/DataConnectify02/logs/SliderRecognizer_2023-08-14.log - INFO - 单元信息：10*118的矩阵
ID:(游标)26：相似度97%
2023-08-14 18:48:57,326 - I:/project/python/DataConnectify02/logs/SliderRecognizer_2023-08-14.log - INFO - 单元信息：10*118的矩阵
ID:(游标)27：相似度100%
2023-08-14 18:48:57,326 - I:/project/python/DataConnectify02/logs/SliderRecognizer_2023-08-14.log - INFO - 
下降最大的单元游标：2
2023-08-14 18:48:57,327 - I:/project/python/DataConnectify02/logs/SliderRecognizer_2023-08-14.log - INFO - 最大下降值：18
2023-08-14 18:49:27,590 - I:/project/python/DataConnectify02/logs/SliderRecognizer_2023-08-14.log - INFO - ==================================
2023-08-14 18:49:27,590 - I:/project/python/DataConnectify02/logs/SliderRecognizer_2023-08-14.log - INFO - ==================================
2023-08-14 18:49:27,606 - I:/project/python/DataConnectify02/logs/SliderRecognizer_2023-08-14.log - INFO - 单元信息：10*118的矩阵
ID:(游标)1：相似度91%
2023-08-14 18:49:27,606 - I:/project/python/DataConnectify02/logs/SliderRecognizer_2023-08-14.log - INFO - 单元信息：10*118的矩阵
ID:(游标)1：相似度91%
2023-08-14 18:49:27,620 - I:/project/python/DataConnectify02/logs/SliderRecognizer_2023-08-14.log - INFO - 单元信息：10*118的矩阵
ID:(游标)2：相似度88%
2023-08-14 18:49:27,620 - I:/project/python/DataConnectify02/logs/SliderRecognizer_2023-08-14.log - INFO - 单元信息：10*118的矩阵
ID:(游标)2：相似度88%
2023-08-14 18:49:27,633 - I:/project/python/DataConnectify02/logs/SliderRecognizer_2023-08-14.log - INFO - 单元信息：10*118的矩阵
ID:(游标)3：相似度83%
2023-08-14 18:49:27,633 - I:/project/python/DataConnectify02/logs/SliderRecognizer_2023-08-14.log - INFO - 单元信息：10*118的矩阵
ID:(游标)3：相似度83%
2023-08-14 18:49:27,647 - I:/project/python/DataConnectify02/logs/SliderRecognizer_2023-08-14.log - INFO - 单元信息：10*118的矩阵
ID:(游标)4：相似度85%
2023-08-14 18:49:27,647 - I:/project/python/DataConnectify02/logs/SliderRecognizer_2023-08-14.log - INFO - 单元信息：10*118的矩阵
ID:(游标)4：相似度85%
2023-08-14 18:49:27,659 - I:/project/python/DataConnectify02/logs/SliderRecognizer_2023-08-14.log - INFO - 单元信息：10*118的矩阵
ID:(游标)5：相似度79%
2023-08-14 18:49:27,659 - I:/project/python/DataConnectify02/logs/SliderRecognizer_2023-08-14.log - INFO - 单元信息：10*118的矩阵
ID:(游标)5：相似度79%
2023-08-14 18:49:27,671 - I:/project/python/DataConnectify02/logs/SliderRecognizer_2023-08-14.log - INFO - 单元信息：10*118的矩阵
ID:(游标)6：相似度99%
2023-08-14 18:49:27,671 - I:/project/python/DataConnectify02/logs/SliderRecognizer_2023-08-14.log - INFO - 单元信息：10*118的矩阵
ID:(游标)6：相似度99%
2023-08-14 18:49:27,684 - I:/project/python/DataConnectify02/logs/SliderRecognizer_2023-08-14.log - INFO - 单元信息：10*118的矩阵
ID:(游标)7：相似度99%
2023-08-14 18:49:27,684 - I:/project/python/DataConnectify02/logs/SliderRecognizer_2023-08-14.log - INFO - 单元信息：10*118的矩阵
ID:(游标)7：相似度99%
2023-08-14 18:49:27,696 - I:/project/python/DataConnectify02/logs/SliderRecognizer_2023-08-14.log - INFO - 单元信息：10*118的矩阵
ID:(游标)8：相似度99%
2023-08-14 18:49:27,696 - I:/project/python/DataConnectify02/logs/SliderRecognizer_2023-08-14.log - INFO - 单元信息：10*118的矩阵
ID:(游标)8：相似度99%
2023-08-14 18:49:27,709 - I:/project/python/DataConnectify02/logs/SliderRecognizer_2023-08-14.log - INFO - 单元信息：10*118的矩阵
ID:(游标)9：相似度99%
2023-08-14 18:49:27,709 - I:/project/python/DataConnectify02/logs/SliderRecognizer_2023-08-14.log - INFO - 单元信息：10*118的矩阵
ID:(游标)9：相似度99%
2023-08-14 18:49:27,721 - I:/project/python/DataConnectify02/logs/SliderRecognizer_2023-08-14.log - INFO - 单元信息：10*118的矩阵
ID:(游标)10：相似度98%
2023-08-14 18:49:27,721 - I:/project/python/DataConnectify02/logs/SliderRecognizer_2023-08-14.log - INFO - 单元信息：10*118的矩阵
ID:(游标)10：相似度98%
2023-08-14 18:49:27,733 - I:/project/python/DataConnectify02/logs/SliderRecognizer_2023-08-14.log - INFO - 单元信息：10*118的矩阵
ID:(游标)11：相似度100%
2023-08-14 18:49:27,733 - I:/project/python/DataConnectify02/logs/SliderRecognizer_2023-08-14.log - INFO - 单元信息：10*118的矩阵
ID:(游标)11：相似度100%
2023-08-14 18:49:27,746 - I:/project/python/DataConnectify02/logs/SliderRecognizer_2023-08-14.log - INFO - 单元信息：10*118的矩阵
ID:(游标)12：相似度98%
2023-08-14 18:49:27,746 - I:/project/python/DataConnectify02/logs/SliderRecognizer_2023-08-14.log - INFO - 单元信息：10*118的矩阵
ID:(游标)12：相似度98%
2023-08-14 18:49:27,758 - I:/project/python/DataConnectify02/logs/SliderRecognizer_2023-08-14.log - INFO - 单元信息：10*118的矩阵
ID:(游标)13：相似度99%
2023-08-14 18:49:27,758 - I:/project/python/DataConnectify02/logs/SliderRecognizer_2023-08-14.log - INFO - 单元信息：10*118的矩阵
ID:(游标)13：相似度99%
2023-08-14 18:49:27,770 - I:/project/python/DataConnectify02/logs/SliderRecognizer_2023-08-14.log - INFO - 单元信息：10*118的矩阵
ID:(游标)14：相似度99%
2023-08-14 18:49:27,770 - I:/project/python/DataConnectify02/logs/SliderRecognizer_2023-08-14.log - INFO - 单元信息：10*118的矩阵
ID:(游标)14：相似度99%
2023-08-14 18:49:27,782 - I:/project/python/DataConnectify02/logs/SliderRecognizer_2023-08-14.log - INFO - 单元信息：10*118的矩阵
ID:(游标)15：相似度100%
2023-08-14 18:49:27,782 - I:/project/python/DataConnectify02/logs/SliderRecognizer_2023-08-14.log - INFO - 单元信息：10*118的矩阵
ID:(游标)15：相似度100%
2023-08-14 18:49:27,794 - I:/project/python/DataConnectify02/logs/SliderRecognizer_2023-08-14.log - INFO - 单元信息：10*118的矩阵
ID:(游标)16：相似度98%
2023-08-14 18:49:27,794 - I:/project/python/DataConnectify02/logs/SliderRecognizer_2023-08-14.log - INFO - 单元信息：10*118的矩阵
ID:(游标)16：相似度98%
2023-08-14 18:49:27,808 - I:/project/python/DataConnectify02/logs/SliderRecognizer_2023-08-14.log - INFO - 单元信息：10*118的矩阵
ID:(游标)17：相似度100%
2023-08-14 18:49:27,808 - I:/project/python/DataConnectify02/logs/SliderRecognizer_2023-08-14.log - INFO - 单元信息：10*118的矩阵
ID:(游标)17：相似度100%
2023-08-14 18:49:27,820 - I:/project/python/DataConnectify02/logs/SliderRecognizer_2023-08-14.log - INFO - 单元信息：10*118的矩阵
ID:(游标)18：相似度77%
2023-08-14 18:49:27,820 - I:/project/python/DataConnectify02/logs/SliderRecognizer_2023-08-14.log - INFO - 单元信息：10*118的矩阵
ID:(游标)18：相似度77%
2023-08-14 18:49:27,834 - I:/project/python/DataConnectify02/logs/SliderRecognizer_2023-08-14.log - INFO - 单元信息：10*118的矩阵
ID:(游标)19：相似度81%
2023-08-14 18:49:27,834 - I:/project/python/DataConnectify02/logs/SliderRecognizer_2023-08-14.log - INFO - 单元信息：10*118的矩阵
ID:(游标)19：相似度81%
2023-08-14 18:49:27,846 - I:/project/python/DataConnectify02/logs/SliderRecognizer_2023-08-14.log - INFO - 单元信息：10*118的矩阵
ID:(游标)20：相似度87%
2023-08-14 18:49:27,846 - I:/project/python/DataConnectify02/logs/SliderRecognizer_2023-08-14.log - INFO - 单元信息：10*118的矩阵
ID:(游标)20：相似度87%
2023-08-14 18:49:27,859 - I:/project/python/DataConnectify02/logs/SliderRecognizer_2023-08-14.log - INFO - 单元信息：10*118的矩阵
ID:(游标)21：相似度81%
2023-08-14 18:49:27,859 - I:/project/python/DataConnectify02/logs/SliderRecognizer_2023-08-14.log - INFO - 单元信息：10*118的矩阵
ID:(游标)21：相似度81%
2023-08-14 18:49:27,872 - I:/project/python/DataConnectify02/logs/SliderRecognizer_2023-08-14.log - INFO - 单元信息：10*118的矩阵
ID:(游标)22：相似度96%
2023-08-14 18:49:27,872 - I:/project/python/DataConnectify02/logs/SliderRecognizer_2023-08-14.log - INFO - 单元信息：10*118的矩阵
ID:(游标)22：相似度96%
2023-08-14 18:49:27,884 - I:/project/python/DataConnectify02/logs/SliderRecognizer_2023-08-14.log - INFO - 单元信息：10*118的矩阵
ID:(游标)23：相似度99%
2023-08-14 18:49:27,884 - I:/project/python/DataConnectify02/logs/SliderRecognizer_2023-08-14.log - INFO - 单元信息：10*118的矩阵
ID:(游标)23：相似度99%
2023-08-14 18:49:27,896 - I:/project/python/DataConnectify02/logs/SliderRecognizer_2023-08-14.log - INFO - 单元信息：10*118的矩阵
ID:(游标)24：相似度98%
2023-08-14 18:49:27,896 - I:/project/python/DataConnectify02/logs/SliderRecognizer_2023-08-14.log - INFO - 单元信息：10*118的矩阵
ID:(游标)24：相似度98%
2023-08-14 18:49:27,910 - I:/project/python/DataConnectify02/logs/SliderRecognizer_2023-08-14.log - INFO - 单元信息：10*118的矩阵
ID:(游标)25：相似度99%
2023-08-14 18:49:27,910 - I:/project/python/DataConnectify02/logs/SliderRecognizer_2023-08-14.log - INFO - 单元信息：10*118的矩阵
ID:(游标)25：相似度99%
2023-08-14 18:49:27,926 - I:/project/python/DataConnectify02/logs/SliderRecognizer_2023-08-14.log - INFO - 单元信息：10*118的矩阵
ID:(游标)26：相似度99%
2023-08-14 18:49:27,926 - I:/project/python/DataConnectify02/logs/SliderRecognizer_2023-08-14.log - INFO - 单元信息：10*118的矩阵
ID:(游标)26：相似度99%
2023-08-14 18:49:27,929 - I:/project/python/DataConnectify02/logs/SliderRecognizer_2023-08-14.log - INFO - 单元信息：10*118的矩阵
ID:(游标)27：相似度99%
2023-08-14 18:49:27,929 - I:/project/python/DataConnectify02/logs/SliderRecognizer_2023-08-14.log - INFO - 单元信息：10*118的矩阵
ID:(游标)27：相似度99%
2023-08-14 18:49:27,929 - I:/project/python/DataConnectify02/logs/SliderRecognizer_2023-08-14.log - INFO - 
下降最大的单元游标：18
2023-08-14 18:49:27,929 - I:/project/python/DataConnectify02/logs/SliderRecognizer_2023-08-14.log - INFO - 
下降最大的单元游标：18
2023-08-14 18:49:27,929 - I:/project/python/DataConnectify02/logs/SliderRecognizer_2023-08-14.log - INFO - 最大下降值：23
2023-08-14 18:49:27,929 - I:/project/python/DataConnectify02/logs/SliderRecognizer_2023-08-14.log - INFO - 最大下降值：23
